<?xml version="1.0" encoding="UTF-8"?>
<robot generator="Robot 5.0.1 (Python 3.10.6 on win32)" generated="20230306 23:01:55.748" rpa="false" schemaversion="3">
<suite id="s1" name="Project" source="c:\RobotProjects\RobotframeworkProj\project.robot">
<test id="s1-t1" name="Read CSV file to list" line="127">
<kw name="Make Connection">
<arg>${dbname}</arg>
<kw name="Connect To Database" library="DatabaseLibrary">
<arg>pymysql</arg>
<arg>${dbtoconnect}</arg>
<arg>${dbuser}</arg>
<arg>${dbpass}</arg>
<arg>${dbhost}</arg>
<arg>${dbport}</arg>
<doc>Loads the DB API 2.0 module given `dbapiModuleName` then uses it to
connect to the database using `dbName`, `dbUsername`, and `dbPassword`.</doc>
<msg timestamp="20230306 23:01:55.921" level="INFO">Connecting using : pymysql.connect(db=rpaproject, user=robotuser, passwd=password, host=localhost, port=3306, charset=None) </msg>
<status status="PASS" starttime="20230306 23:01:55.908" endtime="20230306 23:01:55.927"/>
</kw>
<status status="PASS" starttime="20230306 23:01:55.907" endtime="20230306 23:01:55.928"/>
</kw>
<kw name="Get File" library="OperatingSystem">
<var>${outputHeader}</var>
<arg>${PATH2}InvoiceHeaderData.csv</arg>
<doc>Returns the contents of a specified file.</doc>
<msg timestamp="20230306 23:01:55.929" level="INFO" html="true">Getting file '&lt;a href="file://C:\RobotProjects\UIpath\BlankProcess1\InvoiceHeaderData.csv"&gt;C:\RobotProjects\UIpath\BlankProcess1\InvoiceHeaderData.csv&lt;/a&gt;'.</msg>
<msg timestamp="20230306 23:01:55.929" level="INFO">${outputHeader} = ﻿InvoiceNumber;CompanyName;ReferenceNumber;InvoiceDate;DueDate;CompanyCode;BankAccountNumber;AmountExclVAT;VATAmount;TotalAmount
143143;Service Provider Oy;1531439;15.12.2022;07.04.2021;1234567-8;FI12...</msg>
<status status="PASS" starttime="20230306 23:01:55.928" endtime="20230306 23:01:55.929"/>
</kw>
<kw name="Get File" library="OperatingSystem">
<var>${outputRows}</var>
<arg>${PATH2}InvoiceRowData.csv</arg>
<doc>Returns the contents of a specified file.</doc>
<msg timestamp="20230306 23:01:55.930" level="INFO" html="true">Getting file '&lt;a href="file://C:\RobotProjects\UIpath\BlankProcess1\InvoiceRowData.csv"&gt;C:\RobotProjects\UIpath\BlankProcess1\InvoiceRowData.csv&lt;/a&gt;'.</msg>
<msg timestamp="20230306 23:01:55.930" level="INFO">${outputRows} = ﻿Description;Quantity;Unit;UnitPrice;VATPercent;VAT;Total;InvoiceNumber;RowNumber
Installation Services;5;h;60;24;72;372;143143;1
Replacement Products;10;kpl;105;24;252;1302;143143;2
Keyboard Logitech...</msg>
<status status="PASS" starttime="20230306 23:01:55.929" endtime="20230306 23:01:55.930"/>
</kw>
<kw name="Log" library="BuiltIn">
<arg>${outputHeader}</arg>
<doc>Logs the given message with the given level.</doc>
<msg timestamp="20230306 23:01:55.931" level="INFO">﻿InvoiceNumber;CompanyName;ReferenceNumber;InvoiceDate;DueDate;CompanyCode;BankAccountNumber;AmountExclVAT;VATAmount;TotalAmount
143143;Service Provider Oy;1531439;15.12.2022;07.04.2021;1234567-8;FI12 3456 7890 1234 56;1350;324;1674
1543235;Component Oy;1531439;01.10.2022;15.10.2022;1234567-9;FI05 1234 5600 7891 01;465;111.6;576.6
153143;Service Provider Oy;1531439;15.12.2022;01.04.2021;1234567-8;FI12 3456 7890 1234 56;2700;648;3348
</msg>
<status status="PASS" starttime="20230306 23:01:55.930" endtime="20230306 23:01:55.931"/>
</kw>
<kw name="Log" library="BuiltIn">
<arg>${outputRows}</arg>
<doc>Logs the given message with the given level.</doc>
<msg timestamp="20230306 23:01:55.931" level="INFO">﻿Description;Quantity;Unit;UnitPrice;VATPercent;VAT;Total;InvoiceNumber;RowNumber
Installation Services;5;h;60;24;72;372;143143;1
Replacement Products;10;kpl;105;24;252;1302;143143;2
Keyboard Logitech;10;kpl;40;24;96;496;1543235;1
Brother printer;1;kpl;65;24;15.6;80.6;1543235;2
Installation Services;5;h;60;24;72;372;153143;1
Replacement Products;10;kpl;105;24;252;1302;153143;2
Cleaning Services;5;h;60;24;72;372;153143;3
Cleaning Wipes;10;kpl;105;24;252;1302;153143;4
</msg>
<status status="PASS" starttime="20230306 23:01:55.931" endtime="20230306 23:01:55.931"/>
</kw>
<kw name="Split String" library="String">
<var>@{headers}</var>
<arg>${outputHeader}</arg>
<arg>\n</arg>
<doc>Splits the ``string`` using ``separator`` as a delimiter string.</doc>
<msg timestamp="20230306 23:01:55.932" level="INFO">@{headers} = [ ﻿InvoiceNumber;CompanyName;ReferenceNumber;InvoiceDate;DueDate;CompanyCode;BankAccountNumber;AmountExclVAT;VATAmount;TotalAmount | 143143;Service Provider Oy;1531439;15.12.2022;07.04.2021;1234567-8;...</msg>
<status status="PASS" starttime="20230306 23:01:55.932" endtime="20230306 23:01:55.932"/>
</kw>
<kw name="Split String" library="String">
<var>@{rows}</var>
<arg>${outputRows}</arg>
<arg>\n</arg>
<doc>Splits the ``string`` using ``separator`` as a delimiter string.</doc>
<msg timestamp="20230306 23:01:55.933" level="INFO">@{rows} = [ ﻿Description;Quantity;Unit;UnitPrice;VATPercent;VAT;Total;InvoiceNumber;RowNumber | Installation Services;5;h;60;24;72;372;143143;1 | Replacement Products;10;kpl;105;24;252;1302;143143;2 | Keyboard ...</msg>
<status status="PASS" starttime="20230306 23:01:55.932" endtime="20230306 23:01:55.933"/>
</kw>
<kw name="Get Length" library="BuiltIn">
<var>${length}</var>
<arg>${headers}</arg>
<doc>Returns and logs the length of the given item as an integer.</doc>
<msg timestamp="20230306 23:01:55.933" level="INFO">Length is 5</msg>
<msg timestamp="20230306 23:01:55.933" level="INFO">${length} = 5</msg>
<status status="PASS" starttime="20230306 23:01:55.933" endtime="20230306 23:01:55.933"/>
</kw>
<kw name="Evaluate" library="BuiltIn">
<var>${length}</var>
<arg>${length}-1</arg>
<doc>Evaluates the given expression in Python and returns the result.</doc>
<msg timestamp="20230306 23:01:55.934" level="INFO">${length} = 4</msg>
<status status="PASS" starttime="20230306 23:01:55.934" endtime="20230306 23:01:55.934"/>
</kw>
<kw name="Convert To Integer" library="BuiltIn">
<var>${index}</var>
<arg>0</arg>
<doc>Converts the given item to an integer number.</doc>
<msg timestamp="20230306 23:01:55.934" level="INFO">${index} = 0</msg>
<status status="PASS" starttime="20230306 23:01:55.934" endtime="20230306 23:01:55.934"/>
</kw>
<kw name="Remove From List" library="Collections">
<arg>${headers}</arg>
<arg>${length}</arg>
<doc>Removes and returns the value specified with an ``index`` from ``list``.</doc>
<status status="PASS" starttime="20230306 23:01:55.934" endtime="20230306 23:01:55.934"/>
</kw>
<kw name="Remove From List" library="Collections">
<arg>${headers}</arg>
<arg>${index}</arg>
<doc>Removes and returns the value specified with an ``index`` from ``list``.</doc>
<status status="PASS" starttime="20230306 23:01:55.936" endtime="20230306 23:01:55.936"/>
</kw>
<kw name="Get Length" library="BuiltIn">
<var>${length}</var>
<arg>${rows}</arg>
<doc>Returns and logs the length of the given item as an integer.</doc>
<msg timestamp="20230306 23:01:55.936" level="INFO">Length is 10</msg>
<msg timestamp="20230306 23:01:55.936" level="INFO">${length} = 10</msg>
<status status="PASS" starttime="20230306 23:01:55.936" endtime="20230306 23:01:55.937"/>
</kw>
<kw name="Evaluate" library="BuiltIn">
<var>${length}</var>
<arg>${length}-1</arg>
<doc>Evaluates the given expression in Python and returns the result.</doc>
<msg timestamp="20230306 23:01:55.937" level="INFO">${length} = 9</msg>
<status status="PASS" starttime="20230306 23:01:55.937" endtime="20230306 23:01:55.937"/>
</kw>
<kw name="Remove From List" library="Collections">
<arg>${rows}</arg>
<arg>${length}</arg>
<doc>Removes and returns the value specified with an ``index`` from ``list``.</doc>
<status status="PASS" starttime="20230306 23:01:55.937" endtime="20230306 23:01:55.938"/>
</kw>
<kw name="Remove From List" library="Collections">
<arg>${rows}</arg>
<arg>${index}</arg>
<doc>Removes and returns the value specified with an ``index`` from ``list``.</doc>
<status status="PASS" starttime="20230306 23:01:55.938" endtime="20230306 23:01:55.938"/>
</kw>
<kw name="Set Global Variable" library="BuiltIn">
<arg>${headers}</arg>
<doc>Makes a variable available globally in all tests and suites.</doc>
<msg timestamp="20230306 23:01:55.939" level="INFO">${headers} = ['143143;Service Provider Oy;1531439;15.12.2022;07.04.2021;1234567-8;FI12 3456 7890 1234 56;1350;324;1674', '1543235;Component Oy;1531439;01.10.2022;15.10.2022;1234567-9;FI05 1234 5600 7891 01;465;111...</msg>
<status status="PASS" starttime="20230306 23:01:55.938" endtime="20230306 23:01:55.939"/>
</kw>
<kw name="Set Global Variable" library="BuiltIn">
<arg>${rows}</arg>
<doc>Makes a variable available globally in all tests and suites.</doc>
<msg timestamp="20230306 23:01:55.939" level="INFO">${rows} = ['Installation Services;5;h;60;24;72;372;143143;1', 'Replacement Products;10;kpl;105;24;252;1302;143143;2', 'Keyboard Logitech;10;kpl;40;24;96;496;1543235;1', 'Brother printer;1;kpl;65;24;15.6;80.6;15...</msg>
<status status="PASS" starttime="20230306 23:01:55.939" endtime="20230306 23:01:55.939"/>
</kw>
<status status="PASS" starttime="20230306 23:01:55.898" endtime="20230306 23:01:55.940"/>
</test>
<test id="s1-t2" name="Loop all invoicerows" line="155">
<for flavor="IN">
<var>${element}</var>
<value>@{rows}</value>
<iter>
<var name="${element}">Installation Services;5;h;60;24;72;372;143143;1</var>
<kw name="Log" library="BuiltIn">
<arg>${element}</arg>
<doc>Logs the given message with the given level.</doc>
<msg timestamp="20230306 23:01:55.941" level="INFO">Installation Services;5;h;60;24;72;372;143143;1</msg>
<status status="PASS" starttime="20230306 23:01:55.941" endtime="20230306 23:01:55.941"/>
</kw>
<kw name="Split String" library="String">
<var>@{items}</var>
<arg>${element}</arg>
<arg>;</arg>
<doc>Splits the ``string`` using ``separator`` as a delimiter string.</doc>
<msg timestamp="20230306 23:01:55.942" level="INFO">@{items} = [ Installation Services | 5 | h | 60 | 24 | 72 | 372 | 143143 | 1 ]</msg>
<status status="PASS" starttime="20230306 23:01:55.941" endtime="20230306 23:01:55.942"/>
</kw>
<kw name="Set Variable" library="BuiltIn">
<var>${rowInvoiceNumber}</var>
<arg>${items}[7]</arg>
<doc>Returns the given values which can then be assigned to a variables.</doc>
<msg timestamp="20230306 23:01:55.942" level="INFO">${rowInvoiceNumber} = 143143</msg>
<status status="PASS" starttime="20230306 23:01:55.942" endtime="20230306 23:01:55.942"/>
</kw>
<kw name="Log" library="BuiltIn">
<arg>${rowInvoiceNumber}</arg>
<doc>Logs the given message with the given level.</doc>
<msg timestamp="20230306 23:01:55.943" level="INFO">143143</msg>
<status status="PASS" starttime="20230306 23:01:55.942" endtime="20230306 23:01:55.943"/>
</kw>
<kw name="Log" library="BuiltIn">
<arg>${InvoiceNumber}</arg>
<doc>Logs the given message with the given level.</doc>
<msg timestamp="20230306 23:01:55.943" level="INFO">empty</msg>
<status status="PASS" starttime="20230306 23:01:55.943" endtime="20230306 23:01:55.943"/>
</kw>
<if>
<branch type="IF" condition="'${rowInvoiceNumber}' == '${InvoiceNumber}'">
<kw name="Log" library="BuiltIn">
<arg>Lisätään rivejä laskulle</arg>
<doc>Logs the given message with the given level.</doc>
<status status="NOT RUN" starttime="20230306 23:01:55.943" endtime="20230306 23:01:55.943"/>
</kw>
<kw name="Add Row Data to List">
<arg>${items}</arg>
<status status="NOT RUN" starttime="20230306 23:01:55.943" endtime="20230306 23:01:55.943"/>
</kw>
<status status="NOT RUN" starttime="20230306 23:01:55.943" endtime="20230306 23:01:55.943"/>
</branch>
<branch type="ELSE">
<kw name="Log" library="BuiltIn">
<arg>Pitää tutkia onko tietokantalistassa jo rivejä</arg>
<doc>Logs the given message with the given level.</doc>
<msg timestamp="20230306 23:01:55.944" level="INFO">Pitää tutkia onko tietokantalistassa jo rivejä</msg>
<status status="PASS" starttime="20230306 23:01:55.943" endtime="20230306 23:01:55.944"/>
</kw>
<kw name="Get Length" library="BuiltIn">
<var>${length}</var>
<arg>${ListToDB}</arg>
<doc>Returns and logs the length of the given item as an integer.</doc>
<msg timestamp="20230306 23:01:55.944" level="INFO">Length is 0</msg>
<msg timestamp="20230306 23:01:55.944" level="INFO">${length} = 0</msg>
<status status="PASS" starttime="20230306 23:01:55.944" endtime="20230306 23:01:55.944"/>
</kw>
<if>
<branch type="IF" condition="${length} == ${0}">
<kw name="Log" library="BuiltIn">
<arg>Ensimmäisen Laskun tapaus</arg>
<doc>Logs the given message with the given level.</doc>
<msg timestamp="20230306 23:01:55.945" level="INFO">Ensimmäisen Laskun tapaus</msg>
<status status="PASS" starttime="20230306 23:01:55.945" endtime="20230306 23:01:55.945"/>
</kw>
<kw name="Set Variable" library="BuiltIn">
<var>${InvoiceNumber}</var>
<arg>${rowInvoiceNumber}</arg>
<doc>Returns the given values which can then be assigned to a variables.</doc>
<msg timestamp="20230306 23:01:55.945" level="INFO">${InvoiceNumber} = 143143</msg>
<status status="PASS" starttime="20230306 23:01:55.945" endtime="20230306 23:01:55.945"/>
</kw>
<kw name="Set Global Variable" library="BuiltIn">
<arg>${InvoiceNumber}</arg>
<doc>Makes a variable available globally in all tests and suites.</doc>
<msg timestamp="20230306 23:01:55.946" level="INFO">${InvoiceNumber} = 143143</msg>
<status status="PASS" starttime="20230306 23:01:55.946" endtime="20230306 23:01:55.946"/>
</kw>
<kw name="Add Row Data to List">
<arg>${items}</arg>
<kw name="Create List" library="BuiltIn">
<var>@{AddInvoiceRowData}</var>
<doc>Returns a list containing given items.</doc>
<msg timestamp="20230306 23:01:55.947" level="INFO">@{AddInvoiceRowData} = [ ]</msg>
<status status="PASS" starttime="20230306 23:01:55.947" endtime="20230306 23:01:55.947"/>
</kw>
<kw name="Append To List" library="Collections">
<arg>${AddInvoiceRowData}</arg>
<arg>${InvoiceNumber}</arg>
<doc>Adds ``values`` to the end of ``list``.</doc>
<status status="PASS" starttime="20230306 23:01:55.947" endtime="20230306 23:01:55.947"/>
</kw>
<kw name="Append To List" library="Collections">
<arg>${AddInvoiceRowData}</arg>
<arg>${items}[8]</arg>
<doc>Adds ``values`` to the end of ``list``.</doc>
<status status="PASS" starttime="20230306 23:01:55.947" endtime="20230306 23:01:55.948"/>
</kw>
<kw name="Append To List" library="Collections">
<arg>${AddInvoiceRowData}</arg>
<arg>${items}[0]</arg>
<doc>Adds ``values`` to the end of ``list``.</doc>
<status status="PASS" starttime="20230306 23:01:55.948" endtime="20230306 23:01:55.948"/>
</kw>
<kw name="Append To List" library="Collections">
<arg>${AddInvoiceRowData}</arg>
<arg>${items}[1]</arg>
<doc>Adds ``values`` to the end of ``list``.</doc>
<status status="PASS" starttime="20230306 23:01:55.948" endtime="20230306 23:01:55.948"/>
</kw>
<kw name="Append To List" library="Collections">
<arg>${AddInvoiceRowData}</arg>
<arg>${items}[2]</arg>
<doc>Adds ``values`` to the end of ``list``.</doc>
<status status="PASS" starttime="20230306 23:01:55.948" endtime="20230306 23:01:55.949"/>
</kw>
<kw name="Append To List" library="Collections">
<arg>${AddInvoiceRowData}</arg>
<arg>${items}[3]</arg>
<doc>Adds ``values`` to the end of ``list``.</doc>
<status status="PASS" starttime="20230306 23:01:55.949" endtime="20230306 23:01:55.949"/>
</kw>
<kw name="Append To List" library="Collections">
<arg>${AddInvoiceRowData}</arg>
<arg>${items}[4]</arg>
<doc>Adds ``values`` to the end of ``list``.</doc>
<status status="PASS" starttime="20230306 23:01:55.949" endtime="20230306 23:01:55.949"/>
</kw>
<kw name="Append To List" library="Collections">
<arg>${AddInvoiceRowData}</arg>
<arg>${items}[5]</arg>
<doc>Adds ``values`` to the end of ``list``.</doc>
<status status="PASS" starttime="20230306 23:01:55.949" endtime="20230306 23:01:55.949"/>
</kw>
<kw name="Append To List" library="Collections">
<arg>${AddInvoiceRowData}</arg>
<arg>${items}[6]</arg>
<doc>Adds ``values`` to the end of ``list``.</doc>
<status status="PASS" starttime="20230306 23:01:55.950" endtime="20230306 23:01:55.950"/>
</kw>
<kw name="Append To List" library="Collections">
<arg>${ListToDB}</arg>
<arg>${AddInvoiceRowData}</arg>
<doc>Adds ``values`` to the end of ``list``.</doc>
<status status="PASS" starttime="20230306 23:01:55.950" endtime="20230306 23:01:55.950"/>
</kw>
<status status="PASS" starttime="20230306 23:01:55.946" endtime="20230306 23:01:55.950"/>
</kw>
<status status="PASS" starttime="20230306 23:01:55.944" endtime="20230306 23:01:55.950"/>
</branch>
<branch type="ELSE">
<kw name="Log" library="BuiltIn">
<arg>Lasku vaihtuu, pitää käsitellä myös otsikkodata</arg>
<doc>Logs the given message with the given level.</doc>
<status status="NOT RUN" starttime="20230306 23:01:55.951" endtime="20230306 23:01:55.951"/>
</kw>
<for flavor="IN">
<var>${headerElement}</var>
<value>@{headers}</value>
<iter>
<var name="${headerElement}"/>
<kw name="Split String" library="String">
<var>${headerItems}</var>
<arg>${headerElement}</arg>
<arg>;</arg>
<doc>Splits the ``string`` using ``separator`` as a delimiter string.</doc>
<status status="NOT RUN" starttime="20230306 23:01:55.951" endtime="20230306 23:01:55.951"/>
</kw>
<if>
<branch type="IF" condition="'${headerItems}[0]' == '${InvoiceNumber}'">
<kw name="Log" library="BuiltIn">
<arg>Lasku Löytyi</arg>
<doc>Logs the given message with the given level.</doc>
<status status="NOT RUN" starttime="20230306 23:01:55.951" endtime="20230306 23:01:55.952"/>
</kw>
<kw name="Add Invoice Header To DB">
<arg>${headerItems}</arg>
<arg>${ListToDB}</arg>
<status status="NOT RUN" starttime="20230306 23:01:55.952" endtime="20230306 23:01:55.952"/>
</kw>
<for flavor="IN">
<var>${rowElement}</var>
<value>@{ListToDB}</value>
<iter>
<var name="${rowElement}"/>
<kw name="Add Invoice Row To DB">
<arg>${rowElement}</arg>
<status status="NOT RUN" starttime="20230306 23:01:55.952" endtime="20230306 23:01:55.952"/>
</kw>
<status status="NOT RUN" starttime="20230306 23:01:55.952" endtime="20230306 23:01:55.952"/>
</iter>
<status status="NOT RUN" starttime="20230306 23:01:55.952" endtime="20230306 23:01:55.952"/>
</for>
<status status="NOT RUN" starttime="20230306 23:01:55.951" endtime="20230306 23:01:55.952"/>
</branch>
<status status="NOT RUN" starttime="20230306 23:01:55.951" endtime="20230306 23:01:55.952"/>
</if>
<status status="NOT RUN" starttime="20230306 23:01:55.951" endtime="20230306 23:01:55.952"/>
</iter>
<status status="NOT RUN" starttime="20230306 23:01:55.951" endtime="20230306 23:01:55.952"/>
</for>
<kw name="Create List" library="BuiltIn">
<var>@{ListToDB}</var>
<doc>Returns a list containing given items.</doc>
<status status="NOT RUN" starttime="20230306 23:01:55.953" endtime="20230306 23:01:55.953"/>
</kw>
<kw name="Set Global Variable" library="BuiltIn">
<arg>${ListToDB}</arg>
<doc>Makes a variable available globally in all tests and suites.</doc>
<status status="NOT RUN" starttime="20230306 23:01:55.953" endtime="20230306 23:01:55.953"/>
</kw>
<kw name="Set Variable" library="BuiltIn">
<var>${InvoiceNumber}</var>
<arg>${rowInvoiceNumber}</arg>
<doc>Returns the given values which can then be assigned to a variables.</doc>
<status status="NOT RUN" starttime="20230306 23:01:55.953" endtime="20230306 23:01:55.953"/>
</kw>
<kw name="Set Global Variable" library="BuiltIn">
<arg>${InvoiceNumber}</arg>
<doc>Makes a variable available globally in all tests and suites.</doc>
<status status="NOT RUN" starttime="20230306 23:01:55.953" endtime="20230306 23:01:55.953"/>
</kw>
<kw name="Add Row Data to List">
<arg>${items}</arg>
<status status="NOT RUN" starttime="20230306 23:01:55.953" endtime="20230306 23:01:55.953"/>
</kw>
<status status="NOT RUN" starttime="20230306 23:01:55.951" endtime="20230306 23:01:55.953"/>
</branch>
<status status="PASS" starttime="20230306 23:01:55.944" endtime="20230306 23:01:55.953"/>
</if>
<status status="PASS" starttime="20230306 23:01:55.943" endtime="20230306 23:01:55.953"/>
</branch>
<status status="PASS" starttime="20230306 23:01:55.943" endtime="20230306 23:01:55.954"/>
</if>
<status status="PASS" starttime="20230306 23:01:55.941" endtime="20230306 23:01:55.954"/>
</iter>
<iter>
<var name="${element}">Replacement Products;10;kpl;105;24;252;1302;143143;2</var>
<kw name="Log" library="BuiltIn">
<arg>${element}</arg>
<doc>Logs the given message with the given level.</doc>
<msg timestamp="20230306 23:01:55.954" level="INFO">Replacement Products;10;kpl;105;24;252;1302;143143;2</msg>
<status status="PASS" starttime="20230306 23:01:55.954" endtime="20230306 23:01:55.954"/>
</kw>
<kw name="Split String" library="String">
<var>@{items}</var>
<arg>${element}</arg>
<arg>;</arg>
<doc>Splits the ``string`` using ``separator`` as a delimiter string.</doc>
<msg timestamp="20230306 23:01:55.955" level="INFO">@{items} = [ Replacement Products | 10 | kpl | 105 | 24 | 252 | 1302 | 143143 | 2 ]</msg>
<status status="PASS" starttime="20230306 23:01:55.954" endtime="20230306 23:01:55.955"/>
</kw>
<kw name="Set Variable" library="BuiltIn">
<var>${rowInvoiceNumber}</var>
<arg>${items}[7]</arg>
<doc>Returns the given values which can then be assigned to a variables.</doc>
<msg timestamp="20230306 23:01:55.956" level="INFO">${rowInvoiceNumber} = 143143</msg>
<status status="PASS" starttime="20230306 23:01:55.955" endtime="20230306 23:01:55.956"/>
</kw>
<kw name="Log" library="BuiltIn">
<arg>${rowInvoiceNumber}</arg>
<doc>Logs the given message with the given level.</doc>
<msg timestamp="20230306 23:01:55.956" level="INFO">143143</msg>
<status status="PASS" starttime="20230306 23:01:55.956" endtime="20230306 23:01:55.956"/>
</kw>
<kw name="Log" library="BuiltIn">
<arg>${InvoiceNumber}</arg>
<doc>Logs the given message with the given level.</doc>
<msg timestamp="20230306 23:01:55.956" level="INFO">143143</msg>
<status status="PASS" starttime="20230306 23:01:55.956" endtime="20230306 23:01:55.956"/>
</kw>
<if>
<branch type="IF" condition="'${rowInvoiceNumber}' == '${InvoiceNumber}'">
<kw name="Log" library="BuiltIn">
<arg>Lisätään rivejä laskulle</arg>
<doc>Logs the given message with the given level.</doc>
<msg timestamp="20230306 23:01:55.957" level="INFO">Lisätään rivejä laskulle</msg>
<status status="PASS" starttime="20230306 23:01:55.957" endtime="20230306 23:01:55.957"/>
</kw>
<kw name="Add Row Data to List">
<arg>${items}</arg>
<kw name="Create List" library="BuiltIn">
<var>@{AddInvoiceRowData}</var>
<doc>Returns a list containing given items.</doc>
<msg timestamp="20230306 23:01:55.957" level="INFO">@{AddInvoiceRowData} = [ ]</msg>
<status status="PASS" starttime="20230306 23:01:55.957" endtime="20230306 23:01:55.957"/>
</kw>
<kw name="Append To List" library="Collections">
<arg>${AddInvoiceRowData}</arg>
<arg>${InvoiceNumber}</arg>
<doc>Adds ``values`` to the end of ``list``.</doc>
<status status="PASS" starttime="20230306 23:01:55.957" endtime="20230306 23:01:55.957"/>
</kw>
<kw name="Append To List" library="Collections">
<arg>${AddInvoiceRowData}</arg>
<arg>${items}[8]</arg>
<doc>Adds ``values`` to the end of ``list``.</doc>
<status status="PASS" starttime="20230306 23:01:55.957" endtime="20230306 23:01:55.958"/>
</kw>
<kw name="Append To List" library="Collections">
<arg>${AddInvoiceRowData}</arg>
<arg>${items}[0]</arg>
<doc>Adds ``values`` to the end of ``list``.</doc>
<status status="PASS" starttime="20230306 23:01:55.958" endtime="20230306 23:01:55.958"/>
</kw>
<kw name="Append To List" library="Collections">
<arg>${AddInvoiceRowData}</arg>
<arg>${items}[1]</arg>
<doc>Adds ``values`` to the end of ``list``.</doc>
<status status="PASS" starttime="20230306 23:01:55.958" endtime="20230306 23:01:55.958"/>
</kw>
<kw name="Append To List" library="Collections">
<arg>${AddInvoiceRowData}</arg>
<arg>${items}[2]</arg>
<doc>Adds ``values`` to the end of ``list``.</doc>
<status status="PASS" starttime="20230306 23:01:55.958" endtime="20230306 23:01:55.958"/>
</kw>
<kw name="Append To List" library="Collections">
<arg>${AddInvoiceRowData}</arg>
<arg>${items}[3]</arg>
<doc>Adds ``values`` to the end of ``list``.</doc>
<status status="PASS" starttime="20230306 23:01:55.959" endtime="20230306 23:01:55.959"/>
</kw>
<kw name="Append To List" library="Collections">
<arg>${AddInvoiceRowData}</arg>
<arg>${items}[4]</arg>
<doc>Adds ``values`` to the end of ``list``.</doc>
<status status="PASS" starttime="20230306 23:01:55.959" endtime="20230306 23:01:55.959"/>
</kw>
<kw name="Append To List" library="Collections">
<arg>${AddInvoiceRowData}</arg>
<arg>${items}[5]</arg>
<doc>Adds ``values`` to the end of ``list``.</doc>
<status status="PASS" starttime="20230306 23:01:55.959" endtime="20230306 23:01:55.960"/>
</kw>
<kw name="Append To List" library="Collections">
<arg>${AddInvoiceRowData}</arg>
<arg>${items}[6]</arg>
<doc>Adds ``values`` to the end of ``list``.</doc>
<status status="PASS" starttime="20230306 23:01:55.960" endtime="20230306 23:01:55.960"/>
</kw>
<kw name="Append To List" library="Collections">
<arg>${ListToDB}</arg>
<arg>${AddInvoiceRowData}</arg>
<doc>Adds ``values`` to the end of ``list``.</doc>
<status status="PASS" starttime="20230306 23:01:55.960" endtime="20230306 23:01:55.960"/>
</kw>
<status status="PASS" starttime="20230306 23:01:55.957" endtime="20230306 23:01:55.960"/>
</kw>
<status status="PASS" starttime="20230306 23:01:55.957" endtime="20230306 23:01:55.960"/>
</branch>
<branch type="ELSE">
<kw name="Log" library="BuiltIn">
<arg>Pitää tutkia onko tietokantalistassa jo rivejä</arg>
<doc>Logs the given message with the given level.</doc>
<status status="NOT RUN" starttime="20230306 23:01:55.961" endtime="20230306 23:01:55.961"/>
</kw>
<kw name="Get Length" library="BuiltIn">
<var>${length}</var>
<arg>${ListToDB}</arg>
<doc>Returns and logs the length of the given item as an integer.</doc>
<status status="NOT RUN" starttime="20230306 23:01:55.961" endtime="20230306 23:01:55.961"/>
</kw>
<if>
<branch type="IF" condition="${length} == ${0}">
<kw name="Log" library="BuiltIn">
<arg>Ensimmäisen Laskun tapaus</arg>
<doc>Logs the given message with the given level.</doc>
<status status="NOT RUN" starttime="20230306 23:01:55.961" endtime="20230306 23:01:55.961"/>
</kw>
<kw name="Set Variable" library="BuiltIn">
<var>${InvoiceNumber}</var>
<arg>${rowInvoiceNumber}</arg>
<doc>Returns the given values which can then be assigned to a variables.</doc>
<status status="NOT RUN" starttime="20230306 23:01:55.961" endtime="20230306 23:01:55.961"/>
</kw>
<kw name="Set Global Variable" library="BuiltIn">
<arg>${InvoiceNumber}</arg>
<doc>Makes a variable available globally in all tests and suites.</doc>
<status status="NOT RUN" starttime="20230306 23:01:55.961" endtime="20230306 23:01:55.961"/>
</kw>
<kw name="Add Row Data to List">
<arg>${items}</arg>
<status status="NOT RUN" starttime="20230306 23:01:55.962" endtime="20230306 23:01:55.962"/>
</kw>
<status status="NOT RUN" starttime="20230306 23:01:55.961" endtime="20230306 23:01:55.962"/>
</branch>
<branch type="ELSE">
<kw name="Log" library="BuiltIn">
<arg>Lasku vaihtuu, pitää käsitellä myös otsikkodata</arg>
<doc>Logs the given message with the given level.</doc>
<status status="NOT RUN" starttime="20230306 23:01:55.962" endtime="20230306 23:01:55.962"/>
</kw>
<for flavor="IN">
<var>${headerElement}</var>
<value>@{headers}</value>
<iter>
<var name="${headerElement}"/>
<kw name="Split String" library="String">
<var>${headerItems}</var>
<arg>${headerElement}</arg>
<arg>;</arg>
<doc>Splits the ``string`` using ``separator`` as a delimiter string.</doc>
<status status="NOT RUN" starttime="20230306 23:01:55.962" endtime="20230306 23:01:55.962"/>
</kw>
<if>
<branch type="IF" condition="'${headerItems}[0]' == '${InvoiceNumber}'">
<kw name="Log" library="BuiltIn">
<arg>Lasku Löytyi</arg>
<doc>Logs the given message with the given level.</doc>
<status status="NOT RUN" starttime="20230306 23:01:55.963" endtime="20230306 23:01:55.963"/>
</kw>
<kw name="Add Invoice Header To DB">
<arg>${headerItems}</arg>
<arg>${ListToDB}</arg>
<status status="NOT RUN" starttime="20230306 23:01:55.963" endtime="20230306 23:01:55.963"/>
</kw>
<for flavor="IN">
<var>${rowElement}</var>
<value>@{ListToDB}</value>
<iter>
<var name="${rowElement}"/>
<kw name="Add Invoice Row To DB">
<arg>${rowElement}</arg>
<status status="NOT RUN" starttime="20230306 23:01:55.963" endtime="20230306 23:01:55.963"/>
</kw>
<status status="NOT RUN" starttime="20230306 23:01:55.963" endtime="20230306 23:01:55.963"/>
</iter>
<status status="NOT RUN" starttime="20230306 23:01:55.963" endtime="20230306 23:01:55.963"/>
</for>
<status status="NOT RUN" starttime="20230306 23:01:55.962" endtime="20230306 23:01:55.964"/>
</branch>
<status status="NOT RUN" starttime="20230306 23:01:55.962" endtime="20230306 23:01:55.964"/>
</if>
<status status="NOT RUN" starttime="20230306 23:01:55.962" endtime="20230306 23:01:55.964"/>
</iter>
<status status="NOT RUN" starttime="20230306 23:01:55.962" endtime="20230306 23:01:55.964"/>
</for>
<kw name="Create List" library="BuiltIn">
<var>@{ListToDB}</var>
<doc>Returns a list containing given items.</doc>
<status status="NOT RUN" starttime="20230306 23:01:55.964" endtime="20230306 23:01:55.964"/>
</kw>
<kw name="Set Global Variable" library="BuiltIn">
<arg>${ListToDB}</arg>
<doc>Makes a variable available globally in all tests and suites.</doc>
<status status="NOT RUN" starttime="20230306 23:01:55.964" endtime="20230306 23:01:55.964"/>
</kw>
<kw name="Set Variable" library="BuiltIn">
<var>${InvoiceNumber}</var>
<arg>${rowInvoiceNumber}</arg>
<doc>Returns the given values which can then be assigned to a variables.</doc>
<status status="NOT RUN" starttime="20230306 23:01:55.964" endtime="20230306 23:01:55.964"/>
</kw>
<kw name="Set Global Variable" library="BuiltIn">
<arg>${InvoiceNumber}</arg>
<doc>Makes a variable available globally in all tests and suites.</doc>
<status status="NOT RUN" starttime="20230306 23:01:55.964" endtime="20230306 23:01:55.964"/>
</kw>
<kw name="Add Row Data to List">
<arg>${items}</arg>
<status status="NOT RUN" starttime="20230306 23:01:55.965" endtime="20230306 23:01:55.965"/>
</kw>
<status status="NOT RUN" starttime="20230306 23:01:55.962" endtime="20230306 23:01:55.965"/>
</branch>
<status status="NOT RUN" starttime="20230306 23:01:55.961" endtime="20230306 23:01:55.965"/>
</if>
<status status="NOT RUN" starttime="20230306 23:01:55.960" endtime="20230306 23:01:55.965"/>
</branch>
<status status="PASS" starttime="20230306 23:01:55.956" endtime="20230306 23:01:55.965"/>
</if>
<status status="PASS" starttime="20230306 23:01:55.954" endtime="20230306 23:01:55.965"/>
</iter>
<iter>
<var name="${element}">Keyboard Logitech;10;kpl;40;24;96;496;1543235;1</var>
<kw name="Log" library="BuiltIn">
<arg>${element}</arg>
<doc>Logs the given message with the given level.</doc>
<msg timestamp="20230306 23:01:55.965" level="INFO">Keyboard Logitech;10;kpl;40;24;96;496;1543235;1</msg>
<status status="PASS" starttime="20230306 23:01:55.965" endtime="20230306 23:01:55.965"/>
</kw>
<kw name="Split String" library="String">
<var>@{items}</var>
<arg>${element}</arg>
<arg>;</arg>
<doc>Splits the ``string`` using ``separator`` as a delimiter string.</doc>
<msg timestamp="20230306 23:01:55.966" level="INFO">@{items} = [ Keyboard Logitech | 10 | kpl | 40 | 24 | 96 | 496 | 1543235 | 1 ]</msg>
<status status="PASS" starttime="20230306 23:01:55.966" endtime="20230306 23:01:55.966"/>
</kw>
<kw name="Set Variable" library="BuiltIn">
<var>${rowInvoiceNumber}</var>
<arg>${items}[7]</arg>
<doc>Returns the given values which can then be assigned to a variables.</doc>
<msg timestamp="20230306 23:01:55.966" level="INFO">${rowInvoiceNumber} = 1543235</msg>
<status status="PASS" starttime="20230306 23:01:55.966" endtime="20230306 23:01:55.966"/>
</kw>
<kw name="Log" library="BuiltIn">
<arg>${rowInvoiceNumber}</arg>
<doc>Logs the given message with the given level.</doc>
<msg timestamp="20230306 23:01:55.967" level="INFO">1543235</msg>
<status status="PASS" starttime="20230306 23:01:55.966" endtime="20230306 23:01:55.967"/>
</kw>
<kw name="Log" library="BuiltIn">
<arg>${InvoiceNumber}</arg>
<doc>Logs the given message with the given level.</doc>
<msg timestamp="20230306 23:01:55.967" level="INFO">143143</msg>
<status status="PASS" starttime="20230306 23:01:55.967" endtime="20230306 23:01:55.967"/>
</kw>
<if>
<branch type="IF" condition="'${rowInvoiceNumber}' == '${InvoiceNumber}'">
<kw name="Log" library="BuiltIn">
<arg>Lisätään rivejä laskulle</arg>
<doc>Logs the given message with the given level.</doc>
<status status="NOT RUN" starttime="20230306 23:01:55.967" endtime="20230306 23:01:55.967"/>
</kw>
<kw name="Add Row Data to List">
<arg>${items}</arg>
<status status="NOT RUN" starttime="20230306 23:01:55.967" endtime="20230306 23:01:55.967"/>
</kw>
<status status="NOT RUN" starttime="20230306 23:01:55.967" endtime="20230306 23:01:55.969"/>
</branch>
<branch type="ELSE">
<kw name="Log" library="BuiltIn">
<arg>Pitää tutkia onko tietokantalistassa jo rivejä</arg>
<doc>Logs the given message with the given level.</doc>
<msg timestamp="20230306 23:01:55.969" level="INFO">Pitää tutkia onko tietokantalistassa jo rivejä</msg>
<status status="PASS" starttime="20230306 23:01:55.969" endtime="20230306 23:01:55.969"/>
</kw>
<kw name="Get Length" library="BuiltIn">
<var>${length}</var>
<arg>${ListToDB}</arg>
<doc>Returns and logs the length of the given item as an integer.</doc>
<msg timestamp="20230306 23:01:55.969" level="INFO">Length is 2</msg>
<msg timestamp="20230306 23:01:55.969" level="INFO">${length} = 2</msg>
<status status="PASS" starttime="20230306 23:01:55.969" endtime="20230306 23:01:55.969"/>
</kw>
<if>
<branch type="IF" condition="${length} == ${0}">
<kw name="Log" library="BuiltIn">
<arg>Ensimmäisen Laskun tapaus</arg>
<doc>Logs the given message with the given level.</doc>
<status status="NOT RUN" starttime="20230306 23:01:55.970" endtime="20230306 23:01:55.970"/>
</kw>
<kw name="Set Variable" library="BuiltIn">
<var>${InvoiceNumber}</var>
<arg>${rowInvoiceNumber}</arg>
<doc>Returns the given values which can then be assigned to a variables.</doc>
<status status="NOT RUN" starttime="20230306 23:01:55.970" endtime="20230306 23:01:55.970"/>
</kw>
<kw name="Set Global Variable" library="BuiltIn">
<arg>${InvoiceNumber}</arg>
<doc>Makes a variable available globally in all tests and suites.</doc>
<status status="NOT RUN" starttime="20230306 23:01:55.970" endtime="20230306 23:01:55.970"/>
</kw>
<kw name="Add Row Data to List">
<arg>${items}</arg>
<status status="NOT RUN" starttime="20230306 23:01:55.970" endtime="20230306 23:01:55.971"/>
</kw>
<status status="NOT RUN" starttime="20230306 23:01:55.970" endtime="20230306 23:01:55.971"/>
</branch>
<branch type="ELSE">
<kw name="Log" library="BuiltIn">
<arg>Lasku vaihtuu, pitää käsitellä myös otsikkodata</arg>
<doc>Logs the given message with the given level.</doc>
<msg timestamp="20230306 23:01:55.971" level="INFO">Lasku vaihtuu, pitää käsitellä myös otsikkodata</msg>
<status status="PASS" starttime="20230306 23:01:55.971" endtime="20230306 23:01:55.971"/>
</kw>
<for flavor="IN">
<var>${headerElement}</var>
<value>@{headers}</value>
<iter>
<var name="${headerElement}">143143;Service Provider Oy;1531439;15.12.2022;07.04.2021;1234567-8;FI12 3456 7890 1234 56;1350;324;1674</var>
<kw name="Split String" library="String">
<var>${headerItems}</var>
<arg>${headerElement}</arg>
<arg>;</arg>
<doc>Splits the ``string`` using ``separator`` as a delimiter string.</doc>
<msg timestamp="20230306 23:01:55.972" level="INFO">${headerItems} = ['143143', 'Service Provider Oy', '1531439', '15.12.2022', '07.04.2021', '1234567-8', 'FI12 3456 7890 1234 56', '1350', '324', '1674']</msg>
<status status="PASS" starttime="20230306 23:01:55.971" endtime="20230306 23:01:55.972"/>
</kw>
<if>
<branch type="IF" condition="'${headerItems}[0]' == '${InvoiceNumber}'">
<kw name="Log" library="BuiltIn">
<arg>Lasku Löytyi</arg>
<doc>Logs the given message with the given level.</doc>
<msg timestamp="20230306 23:01:55.972" level="INFO">Lasku Löytyi</msg>
<status status="PASS" starttime="20230306 23:01:55.972" endtime="20230306 23:01:55.972"/>
</kw>
<kw name="Add Invoice Header To DB">
<arg>${headerItems}</arg>
<arg>${ListToDB}</arg>
<kw name="Make Connection">
<arg>${dbname}</arg>
<kw name="Connect To Database" library="DatabaseLibrary">
<arg>pymysql</arg>
<arg>${dbtoconnect}</arg>
<arg>${dbuser}</arg>
<arg>${dbpass}</arg>
<arg>${dbhost}</arg>
<arg>${dbport}</arg>
<doc>Loads the DB API 2.0 module given `dbapiModuleName` then uses it to
connect to the database using `dbName`, `dbUsername`, and `dbPassword`.</doc>
<msg timestamp="20230306 23:01:55.974" level="INFO">Connecting using : pymysql.connect(db=rpaproject, user=robotuser, passwd=password, host=localhost, port=3306, charset=None) </msg>
<status status="PASS" starttime="20230306 23:01:55.973" endtime="20230306 23:01:55.976"/>
</kw>
<status status="PASS" starttime="20230306 23:01:55.973" endtime="20230306 23:01:55.976"/>
</kw>
<kw name="Convert Date" library="DateTime">
<var>${invoiceDate}</var>
<arg>${items}[3]</arg>
<arg>date_format=%d.%m.%Y</arg>
<arg>result_format=%Y-%m-%d</arg>
<doc>Converts between supported `date formats`.</doc>
<msg timestamp="20230306 23:01:55.978" level="INFO">${invoiceDate} = 2022-12-15</msg>
<status status="PASS" starttime="20230306 23:01:55.976" endtime="20230306 23:01:55.979"/>
</kw>
<kw name="Convert Date" library="DateTime">
<var>${dueDate}</var>
<arg>${items}[4]</arg>
<arg>date_format=%d.%m.%Y</arg>
<arg>result_format=%Y-%m-%d</arg>
<doc>Converts between supported `date formats`.</doc>
<msg timestamp="20230306 23:01:55.979" level="INFO">${dueDate} = 2021-04-07</msg>
<status status="PASS" starttime="20230306 23:01:55.979" endtime="20230306 23:01:55.980"/>
</kw>
<kw name="Set Variable" library="BuiltIn">
<var>${InvoiceStatus}</var>
<arg>0</arg>
<doc>Returns the given values which can then be assigned to a variables.</doc>
<msg timestamp="20230306 23:01:55.980" level="INFO">${InvoiceStatus} = 0</msg>
<status status="PASS" starttime="20230306 23:01:55.980" endtime="20230306 23:01:55.980"/>
</kw>
<kw name="Set Variable" library="BuiltIn">
<var>${invoiceComment}</var>
<arg>All ok</arg>
<doc>Returns the given values which can then be assigned to a variables.</doc>
<msg timestamp="20230306 23:01:55.980" level="INFO">${invoiceComment} = All ok</msg>
<status status="PASS" starttime="20230306 23:01:55.980" endtime="20230306 23:01:55.981"/>
</kw>
<kw name="Is Reference Number Correct" library="validationcode">
<var>${refStatus}</var>
<arg>${items}[2]</arg>
<msg timestamp="20230306 23:01:55.981" level="INFO">${refStatus} = True</msg>
<status status="PASS" starttime="20230306 23:01:55.981" endtime="20230306 23:01:55.981"/>
</kw>
<if>
<branch type="IF" condition="not ${refStatus}">
<kw name="Set Variable" library="BuiltIn">
<var>${InvoiceStatus}</var>
<arg>1</arg>
<doc>Returns the given values which can then be assigned to a variables.</doc>
<status status="NOT RUN" starttime="20230306 23:01:55.981" endtime="20230306 23:01:55.981"/>
</kw>
<kw name="Set Variable" library="BuiltIn">
<var>${invoiceComment}</var>
<arg>Reference number error</arg>
<doc>Returns the given values which can then be assigned to a variables.</doc>
<status status="NOT RUN" starttime="20230306 23:01:55.982" endtime="20230306 23:01:55.982"/>
</kw>
<status status="NOT RUN" starttime="20230306 23:01:55.981" endtime="20230306 23:01:55.982"/>
</branch>
<status status="PASS" starttime="20230306 23:01:55.981" endtime="20230306 23:01:55.982"/>
</if>
<kw name="Check IBAN">
<var>${ibanStatus}</var>
<arg>${items}[6]</arg>
<kw name="Remove String" library="String">
<var>${iban}</var>
<arg>${iban}</arg>
<arg>${SPACE}</arg>
<doc>Removes all ``removables`` from the given ``string``.</doc>
<msg timestamp="20230306 23:01:55.982" level="INFO">${iban} = FI1234567890123456</msg>
<status status="PASS" starttime="20230306 23:01:55.982" endtime="20230306 23:01:55.982"/>
</kw>
<kw name="Set Variable" library="BuiltIn">
<var>${status}</var>
<arg>${False}</arg>
<doc>Returns the given values which can then be assigned to a variables.</doc>
<msg timestamp="20230306 23:01:55.983" level="INFO">${status} = False</msg>
<status status="PASS" starttime="20230306 23:01:55.983" endtime="20230306 23:01:55.983"/>
</kw>
<kw name="Log To Console" library="BuiltIn">
<arg>${iban}</arg>
<doc>Logs the given message to the console.</doc>
<status status="PASS" starttime="20230306 23:01:55.983" endtime="20230306 23:01:55.984"/>
</kw>
<kw name="Get Length" library="BuiltIn">
<var>${length}</var>
<arg>${iban}</arg>
<doc>Returns and logs the length of the given item as an integer.</doc>
<msg timestamp="20230306 23:01:55.984" level="INFO">Length is 18</msg>
<msg timestamp="20230306 23:01:55.984" level="INFO">${length} = 18</msg>
<status status="PASS" starttime="20230306 23:01:55.984" endtime="20230306 23:01:55.985"/>
</kw>
<if>
<branch type="IF" condition="${length} == 18">
<kw name="Set Variable" library="BuiltIn">
<var>${status}</var>
<arg>${True}</arg>
<doc>Returns the given values which can then be assigned to a variables.</doc>
<msg timestamp="20230306 23:01:55.985" level="INFO">${status} = True</msg>
<status status="PASS" starttime="20230306 23:01:55.985" endtime="20230306 23:01:55.985"/>
</kw>
<status status="PASS" starttime="20230306 23:01:55.985" endtime="20230306 23:01:55.985"/>
</branch>
<status status="PASS" starttime="20230306 23:01:55.985" endtime="20230306 23:01:55.985"/>
</if>
<msg timestamp="20230306 23:01:55.986" level="INFO">${ibanStatus} = True</msg>
<status status="PASS" starttime="20230306 23:01:55.982" endtime="20230306 23:01:55.986"/>
</kw>
<if>
<branch type="IF" condition="not ${ibanStatus}">
<kw name="Set Variable" library="BuiltIn">
<var>${InvoiceStatus}</var>
<arg>2</arg>
<doc>Returns the given values which can then be assigned to a variables.</doc>
<status status="NOT RUN" starttime="20230306 23:01:55.986" endtime="20230306 23:01:55.986"/>
</kw>
<kw name="Set Variable" library="BuiltIn">
<var>${invoiceComment}</var>
<arg>IBAN number error</arg>
<doc>Returns the given values which can then be assigned to a variables.</doc>
<status status="NOT RUN" starttime="20230306 23:01:55.986" endtime="20230306 23:01:55.986"/>
</kw>
<status status="NOT RUN" starttime="20230306 23:01:55.986" endtime="20230306 23:01:55.986"/>
</branch>
<status status="PASS" starttime="20230306 23:01:55.986" endtime="20230306 23:01:55.986"/>
</if>
<kw name="Check Amounts From Invoices">
<var>${sumStatus}</var>
<arg>${items}[9]</arg>
<arg>${rows}</arg>
<kw name="Set Variable" library="BuiltIn">
<var>${status}</var>
<arg>${False}</arg>
<doc>Returns the given values which can then be assigned to a variables.</doc>
<msg timestamp="20230306 23:01:55.987" level="INFO">${status} = False</msg>
<status status="PASS" starttime="20230306 23:01:55.987" endtime="20230306 23:01:55.987"/>
</kw>
<kw name="Evaluate" library="BuiltIn">
<var>${totalAmountFromRows}</var>
<arg>0</arg>
<doc>Evaluates the given expression in Python and returns the result.</doc>
<msg timestamp="20230306 23:01:55.987" level="INFO">${totalAmountFromRows} = 0</msg>
<status status="PASS" starttime="20230306 23:01:55.987" endtime="20230306 23:01:55.987"/>
</kw>
<for flavor="IN">
<var>${element}</var>
<value>@{invoiceRows}</value>
<iter>
<var name="${element}">['143143', '1', 'Installation Services', '5', 'h', '60', '24', '72', '372']</var>
<kw name="Evaluate" library="BuiltIn">
<var>${totalAmountFromRows}</var>
<arg>${totalAmountFromRows}+${element}[8]</arg>
<doc>Evaluates the given expression in Python and returns the result.</doc>
<msg timestamp="20230306 23:01:55.989" level="INFO">${totalAmountFromRows} = 372</msg>
<status status="PASS" starttime="20230306 23:01:55.988" endtime="20230306 23:01:55.989"/>
</kw>
<status status="PASS" starttime="20230306 23:01:55.988" endtime="20230306 23:01:55.989"/>
</iter>
<iter>
<var name="${element}">['143143', '2', 'Replacement Products', '10', 'kpl', '105', '24', '252', '1302']</var>
<kw name="Evaluate" library="BuiltIn">
<var>${totalAmountFromRows}</var>
<arg>${totalAmountFromRows}+${element}[8]</arg>
<doc>Evaluates the given expression in Python and returns the result.</doc>
<msg timestamp="20230306 23:01:55.989" level="INFO">${totalAmountFromRows} = 1674</msg>
<status status="PASS" starttime="20230306 23:01:55.989" endtime="20230306 23:01:55.989"/>
</kw>
<status status="PASS" starttime="20230306 23:01:55.989" endtime="20230306 23:01:55.989"/>
</iter>
<status status="PASS" starttime="20230306 23:01:55.988" endtime="20230306 23:01:55.990"/>
</for>
<kw name="Convert To Number" library="BuiltIn">
<var>${diff}</var>
<arg>0.01</arg>
<doc>Converts the given item to a floating point number.</doc>
<msg timestamp="20230306 23:01:55.990" level="INFO">${diff} = 0.01</msg>
<status status="PASS" starttime="20230306 23:01:55.990" endtime="20230306 23:01:55.990"/>
</kw>
<kw name="Convert To Number" library="BuiltIn">
<var>${totalSumFromHeader}</var>
<arg>${totalSumFromHeader}</arg>
<doc>Converts the given item to a floating point number.</doc>
<msg timestamp="20230306 23:01:55.990" level="INFO">${totalSumFromHeader} = 1674.0</msg>
<status status="PASS" starttime="20230306 23:01:55.990" endtime="20230306 23:01:55.990"/>
</kw>
<kw name="Convert To Number" library="BuiltIn">
<var>${totalAmountFromRows}</var>
<arg>${totalAmountFromRows}</arg>
<doc>Converts the given item to a floating point number.</doc>
<msg timestamp="20230306 23:01:55.991" level="INFO">${totalAmountFromRows} = 1674.0</msg>
<status status="PASS" starttime="20230306 23:01:55.990" endtime="20230306 23:01:55.991"/>
</kw>
<kw name="Is Equal" library="validationcode">
<var>${status}</var>
<arg>${totalSumFromHeader}</arg>
<arg>${totalAmountFromRows}</arg>
<arg>${diff}</arg>
<msg timestamp="20230306 23:01:55.991" level="INFO">${status} = True</msg>
<status status="PASS" starttime="20230306 23:01:55.991" endtime="20230306 23:01:55.991"/>
</kw>
<msg timestamp="20230306 23:01:55.991" level="INFO">${sumStatus} = True</msg>
<status status="PASS" starttime="20230306 23:01:55.986" endtime="20230306 23:01:55.992"/>
</kw>
<if>
<branch type="IF" condition="not ${sumStatus}">
<kw name="Set Variable" library="BuiltIn">
<var>${InvoiceStatus}</var>
<arg>3</arg>
<doc>Returns the given values which can then be assigned to a variables.</doc>
<status status="NOT RUN" starttime="20230306 23:01:55.992" endtime="20230306 23:01:55.992"/>
</kw>
<kw name="Set Variable" library="BuiltIn">
<var>${invoiceComment}</var>
<arg>Amount difference</arg>
<doc>Returns the given values which can then be assigned to a variables.</doc>
<status status="NOT RUN" starttime="20230306 23:01:55.992" endtime="20230306 23:01:55.992"/>
</kw>
<status status="NOT RUN" starttime="20230306 23:01:55.992" endtime="20230306 23:01:55.992"/>
</branch>
<status status="PASS" starttime="20230306 23:01:55.992" endtime="20230306 23:01:55.992"/>
</if>
<kw name="Set Variable" library="BuiltIn">
<var>${insertStmt}</var>
<arg>insert into invoiceheader (invoicenumber, companyname, companycode, referencenumber, invoicedate, duedate, bankaccountnumber, amountexvat, vat, totalamount, invoicestatus_id, comments) values ('${items}[0]', '${items}[1]', '${items}[5]', '${items}[2]', '${invoiceDate}', '${dueDate}', '${items}[6]', '${items}[7]', '${items}[8]', '${items}[9]', '${InvoiceStatus}', '${invoiceComment}');</arg>
<doc>Returns the given values which can then be assigned to a variables.</doc>
<msg timestamp="20230306 23:01:55.993" level="INFO">${insertStmt} = insert into invoiceheader (invoicenumber, companyname, companycode, referencenumber, invoicedate, duedate, bankaccountnumber, amountexvat, vat, totalamount, invoicestatus_id, comments) values ('143143...</msg>
<status status="PASS" starttime="20230306 23:01:55.992" endtime="20230306 23:01:55.993"/>
</kw>
<kw name="Execute Sql String" library="DatabaseLibrary">
<arg>${insertStmt}</arg>
<doc>Executes the sqlString as SQL commands. Useful to pass arguments to your sql. Set optional input `sansTran` to
True to run command without an explicit transaction commit or rollback.</doc>
<msg timestamp="20230306 23:01:55.993" level="INFO">Executing : Execute SQL String  |  insert into invoiceheader (invoicenumber, companyname, companycode, referencenumber, invoicedate, duedate, bankaccountnumber, amountexvat, vat, totalamount, invoicestatus_id, comments) values ('143143', 'Service Provider Oy', '1234567-8', '1531439', '2022-12-15', '2021-04-07', 'FI12 3456 7890 1234 56', '1350', '324', '1674', '0', 'All ok'); </msg>
<status status="PASS" starttime="20230306 23:01:55.993" endtime="20230306 23:01:55.995"/>
</kw>
<status status="PASS" starttime="20230306 23:01:55.972" endtime="20230306 23:01:55.996"/>
</kw>
<for flavor="IN">
<var>${rowElement}</var>
<value>@{ListToDB}</value>
<iter>
<var name="${rowElement}">['143143', '1', 'Installation Services', '5', 'h', '60', '24', '72', '372']</var>
<kw name="Add Invoice Row To DB">
<arg>${rowElement}</arg>
<kw name="Make Connection">
<arg>${dbname}</arg>
<kw name="Connect To Database" library="DatabaseLibrary">
<arg>pymysql</arg>
<arg>${dbtoconnect}</arg>
<arg>${dbuser}</arg>
<arg>${dbpass}</arg>
<arg>${dbhost}</arg>
<arg>${dbport}</arg>
<doc>Loads the DB API 2.0 module given `dbapiModuleName` then uses it to
connect to the database using `dbName`, `dbUsername`, and `dbPassword`.</doc>
<msg timestamp="20230306 23:01:55.998" level="INFO">Connecting using : pymysql.connect(db=rpaproject, user=robotuser, passwd=password, host=localhost, port=3306, charset=None) </msg>
<status status="PASS" starttime="20230306 23:01:55.997" endtime="20230306 23:01:56.000"/>
</kw>
<status status="PASS" starttime="20230306 23:01:55.997" endtime="20230306 23:01:56.000"/>
</kw>
<kw name="Set Variable" library="BuiltIn">
<var>${insertStmt}</var>
<arg>insert into invoicerow (invoicenumber, rownumber, description, quantity, unit, unitprice, vatpercent, vat, total) values ('${items}[0]', '${items}[1]', '${items}[2]', '${items}[3]', '${items}[4]', '${items}[5]', '${items}[6]', '${items}[7]', '${items}[8]');</arg>
<doc>Returns the given values which can then be assigned to a variables.</doc>
<msg timestamp="20230306 23:01:56.001" level="INFO">${insertStmt} = insert into invoicerow (invoicenumber, rownumber, description, quantity, unit, unitprice, vatpercent, vat, total) values ('143143', '1', 'Installation Services', '5', 'h', '60', '24', '72', '372');</msg>
<status status="PASS" starttime="20230306 23:01:56.000" endtime="20230306 23:01:56.001"/>
</kw>
<kw name="Execute Sql String" library="DatabaseLibrary">
<arg>${insertStmt}</arg>
<doc>Executes the sqlString as SQL commands. Useful to pass arguments to your sql. Set optional input `sansTran` to
True to run command without an explicit transaction commit or rollback.</doc>
<msg timestamp="20230306 23:01:56.001" level="INFO">Executing : Execute SQL String  |  insert into invoicerow (invoicenumber, rownumber, description, quantity, unit, unitprice, vatpercent, vat, total) values ('143143', '1', 'Installation Services', '5', 'h', '60', '24', '72', '372'); </msg>
<status status="PASS" starttime="20230306 23:01:56.001" endtime="20230306 23:01:56.003"/>
</kw>
<status status="PASS" starttime="20230306 23:01:55.996" endtime="20230306 23:01:56.003"/>
</kw>
<status status="PASS" starttime="20230306 23:01:55.996" endtime="20230306 23:01:56.003"/>
</iter>
<iter>
<var name="${rowElement}">['143143', '2', 'Replacement Products', '10', 'kpl', '105', '24', '252', '1302']</var>
<kw name="Add Invoice Row To DB">
<arg>${rowElement}</arg>
<kw name="Make Connection">
<arg>${dbname}</arg>
<kw name="Connect To Database" library="DatabaseLibrary">
<arg>pymysql</arg>
<arg>${dbtoconnect}</arg>
<arg>${dbuser}</arg>
<arg>${dbpass}</arg>
<arg>${dbhost}</arg>
<arg>${dbport}</arg>
<doc>Loads the DB API 2.0 module given `dbapiModuleName` then uses it to
connect to the database using `dbName`, `dbUsername`, and `dbPassword`.</doc>
<msg timestamp="20230306 23:01:56.004" level="INFO">Connecting using : pymysql.connect(db=rpaproject, user=robotuser, passwd=password, host=localhost, port=3306, charset=None) </msg>
<status status="PASS" starttime="20230306 23:01:56.004" endtime="20230306 23:01:56.006"/>
</kw>
<status status="PASS" starttime="20230306 23:01:56.004" endtime="20230306 23:01:56.007"/>
</kw>
<kw name="Set Variable" library="BuiltIn">
<var>${insertStmt}</var>
<arg>insert into invoicerow (invoicenumber, rownumber, description, quantity, unit, unitprice, vatpercent, vat, total) values ('${items}[0]', '${items}[1]', '${items}[2]', '${items}[3]', '${items}[4]', '${items}[5]', '${items}[6]', '${items}[7]', '${items}[8]');</arg>
<doc>Returns the given values which can then be assigned to a variables.</doc>
<msg timestamp="20230306 23:01:56.007" level="INFO">${insertStmt} = insert into invoicerow (invoicenumber, rownumber, description, quantity, unit, unitprice, vatpercent, vat, total) values ('143143', '2', 'Replacement Products', '10', 'kpl', '105', '24', '252', '1302'...</msg>
<status status="PASS" starttime="20230306 23:01:56.007" endtime="20230306 23:01:56.007"/>
</kw>
<kw name="Execute Sql String" library="DatabaseLibrary">
<arg>${insertStmt}</arg>
<doc>Executes the sqlString as SQL commands. Useful to pass arguments to your sql. Set optional input `sansTran` to
True to run command without an explicit transaction commit or rollback.</doc>
<msg timestamp="20230306 23:01:56.008" level="INFO">Executing : Execute SQL String  |  insert into invoicerow (invoicenumber, rownumber, description, quantity, unit, unitprice, vatpercent, vat, total) values ('143143', '2', 'Replacement Products', '10', 'kpl', '105', '24', '252', '1302'); </msg>
<status status="PASS" starttime="20230306 23:01:56.008" endtime="20230306 23:01:56.009"/>
</kw>
<status status="PASS" starttime="20230306 23:01:56.003" endtime="20230306 23:01:56.009"/>
</kw>
<status status="PASS" starttime="20230306 23:01:56.003" endtime="20230306 23:01:56.009"/>
</iter>
<status status="PASS" starttime="20230306 23:01:55.996" endtime="20230306 23:01:56.009"/>
</for>
<status status="PASS" starttime="20230306 23:01:55.972" endtime="20230306 23:01:56.009"/>
</branch>
<status status="PASS" starttime="20230306 23:01:55.972" endtime="20230306 23:01:56.009"/>
</if>
<status status="PASS" starttime="20230306 23:01:55.971" endtime="20230306 23:01:56.010"/>
</iter>
<iter>
<var name="${headerElement}">1543235;Component Oy;1531439;01.10.2022;15.10.2022;1234567-9;FI05 1234 5600 7891 01;465;111.6;576.6</var>
<kw name="Split String" library="String">
<var>${headerItems}</var>
<arg>${headerElement}</arg>
<arg>;</arg>
<doc>Splits the ``string`` using ``separator`` as a delimiter string.</doc>
<msg timestamp="20230306 23:01:56.010" level="INFO">${headerItems} = ['1543235', 'Component Oy', '1531439', '01.10.2022', '15.10.2022', '1234567-9', 'FI05 1234 5600 7891 01', '465', '111.6', '576.6']</msg>
<status status="PASS" starttime="20230306 23:01:56.010" endtime="20230306 23:01:56.010"/>
</kw>
<if>
<branch type="IF" condition="'${headerItems}[0]' == '${InvoiceNumber}'">
<kw name="Log" library="BuiltIn">
<arg>Lasku Löytyi</arg>
<doc>Logs the given message with the given level.</doc>
<status status="NOT RUN" starttime="20230306 23:01:56.011" endtime="20230306 23:01:56.011"/>
</kw>
<kw name="Add Invoice Header To DB">
<arg>${headerItems}</arg>
<arg>${ListToDB}</arg>
<status status="NOT RUN" starttime="20230306 23:01:56.011" endtime="20230306 23:01:56.011"/>
</kw>
<for flavor="IN">
<var>${rowElement}</var>
<value>@{ListToDB}</value>
<iter>
<var name="${rowElement}"/>
<kw name="Add Invoice Row To DB">
<arg>${rowElement}</arg>
<status status="NOT RUN" starttime="20230306 23:01:56.011" endtime="20230306 23:01:56.011"/>
</kw>
<status status="NOT RUN" starttime="20230306 23:01:56.011" endtime="20230306 23:01:56.011"/>
</iter>
<status status="NOT RUN" starttime="20230306 23:01:56.011" endtime="20230306 23:01:56.011"/>
</for>
<status status="NOT RUN" starttime="20230306 23:01:56.010" endtime="20230306 23:01:56.011"/>
</branch>
<status status="PASS" starttime="20230306 23:01:56.010" endtime="20230306 23:01:56.011"/>
</if>
<status status="PASS" starttime="20230306 23:01:56.010" endtime="20230306 23:01:56.012"/>
</iter>
<iter>
<var name="${headerElement}">153143;Service Provider Oy;1531439;15.12.2022;01.04.2021;1234567-8;FI12 3456 7890 1234 56;2700;648;3348</var>
<kw name="Split String" library="String">
<var>${headerItems}</var>
<arg>${headerElement}</arg>
<arg>;</arg>
<doc>Splits the ``string`` using ``separator`` as a delimiter string.</doc>
<msg timestamp="20230306 23:01:56.012" level="INFO">${headerItems} = ['153143', 'Service Provider Oy', '1531439', '15.12.2022', '01.04.2021', '1234567-8', 'FI12 3456 7890 1234 56', '2700', '648', '3348']</msg>
<status status="PASS" starttime="20230306 23:01:56.012" endtime="20230306 23:01:56.012"/>
</kw>
<if>
<branch type="IF" condition="'${headerItems}[0]' == '${InvoiceNumber}'">
<kw name="Log" library="BuiltIn">
<arg>Lasku Löytyi</arg>
<doc>Logs the given message with the given level.</doc>
<status status="NOT RUN" starttime="20230306 23:01:56.013" endtime="20230306 23:01:56.013"/>
</kw>
<kw name="Add Invoice Header To DB">
<arg>${headerItems}</arg>
<arg>${ListToDB}</arg>
<status status="NOT RUN" starttime="20230306 23:01:56.013" endtime="20230306 23:01:56.013"/>
</kw>
<for flavor="IN">
<var>${rowElement}</var>
<value>@{ListToDB}</value>
<iter>
<var name="${rowElement}"/>
<kw name="Add Invoice Row To DB">
<arg>${rowElement}</arg>
<status status="NOT RUN" starttime="20230306 23:01:56.013" endtime="20230306 23:01:56.013"/>
</kw>
<status status="NOT RUN" starttime="20230306 23:01:56.013" endtime="20230306 23:01:56.013"/>
</iter>
<status status="NOT RUN" starttime="20230306 23:01:56.013" endtime="20230306 23:01:56.013"/>
</for>
<status status="NOT RUN" starttime="20230306 23:01:56.012" endtime="20230306 23:01:56.013"/>
</branch>
<status status="PASS" starttime="20230306 23:01:56.012" endtime="20230306 23:01:56.013"/>
</if>
<status status="PASS" starttime="20230306 23:01:56.012" endtime="20230306 23:01:56.013"/>
</iter>
<status status="PASS" starttime="20230306 23:01:55.971" endtime="20230306 23:01:56.014"/>
</for>
<kw name="Create List" library="BuiltIn">
<var>@{ListToDB}</var>
<doc>Returns a list containing given items.</doc>
<msg timestamp="20230306 23:01:56.014" level="INFO">@{ListToDB} = [ ]</msg>
<status status="PASS" starttime="20230306 23:01:56.014" endtime="20230306 23:01:56.014"/>
</kw>
<kw name="Set Global Variable" library="BuiltIn">
<arg>${ListToDB}</arg>
<doc>Makes a variable available globally in all tests and suites.</doc>
<msg timestamp="20230306 23:01:56.014" level="INFO">${ListToDB} = []</msg>
<status status="PASS" starttime="20230306 23:01:56.014" endtime="20230306 23:01:56.014"/>
</kw>
<kw name="Set Variable" library="BuiltIn">
<var>${InvoiceNumber}</var>
<arg>${rowInvoiceNumber}</arg>
<doc>Returns the given values which can then be assigned to a variables.</doc>
<msg timestamp="20230306 23:01:56.015" level="INFO">${InvoiceNumber} = 1543235</msg>
<status status="PASS" starttime="20230306 23:01:56.014" endtime="20230306 23:01:56.015"/>
</kw>
<kw name="Set Global Variable" library="BuiltIn">
<arg>${InvoiceNumber}</arg>
<doc>Makes a variable available globally in all tests and suites.</doc>
<msg timestamp="20230306 23:01:56.015" level="INFO">${InvoiceNumber} = 1543235</msg>
<status status="PASS" starttime="20230306 23:01:56.015" endtime="20230306 23:01:56.015"/>
</kw>
<kw name="Add Row Data to List">
<arg>${items}</arg>
<kw name="Create List" library="BuiltIn">
<var>@{AddInvoiceRowData}</var>
<doc>Returns a list containing given items.</doc>
<msg timestamp="20230306 23:01:56.016" level="INFO">@{AddInvoiceRowData} = [ ]</msg>
<status status="PASS" starttime="20230306 23:01:56.015" endtime="20230306 23:01:56.016"/>
</kw>
<kw name="Append To List" library="Collections">
<arg>${AddInvoiceRowData}</arg>
<arg>${InvoiceNumber}</arg>
<doc>Adds ``values`` to the end of ``list``.</doc>
<status status="PASS" starttime="20230306 23:01:56.016" endtime="20230306 23:01:56.016"/>
</kw>
<kw name="Append To List" library="Collections">
<arg>${AddInvoiceRowData}</arg>
<arg>${items}[8]</arg>
<doc>Adds ``values`` to the end of ``list``.</doc>
<status status="PASS" starttime="20230306 23:01:56.016" endtime="20230306 23:01:56.016"/>
</kw>
<kw name="Append To List" library="Collections">
<arg>${AddInvoiceRowData}</arg>
<arg>${items}[0]</arg>
<doc>Adds ``values`` to the end of ``list``.</doc>
<status status="PASS" starttime="20230306 23:01:56.016" endtime="20230306 23:01:56.017"/>
</kw>
<kw name="Append To List" library="Collections">
<arg>${AddInvoiceRowData}</arg>
<arg>${items}[1]</arg>
<doc>Adds ``values`` to the end of ``list``.</doc>
<status status="PASS" starttime="20230306 23:01:56.017" endtime="20230306 23:01:56.017"/>
</kw>
<kw name="Append To List" library="Collections">
<arg>${AddInvoiceRowData}</arg>
<arg>${items}[2]</arg>
<doc>Adds ``values`` to the end of ``list``.</doc>
<status status="PASS" starttime="20230306 23:01:56.017" endtime="20230306 23:01:56.017"/>
</kw>
<kw name="Append To List" library="Collections">
<arg>${AddInvoiceRowData}</arg>
<arg>${items}[3]</arg>
<doc>Adds ``values`` to the end of ``list``.</doc>
<status status="PASS" starttime="20230306 23:01:56.017" endtime="20230306 23:01:56.018"/>
</kw>
<kw name="Append To List" library="Collections">
<arg>${AddInvoiceRowData}</arg>
<arg>${items}[4]</arg>
<doc>Adds ``values`` to the end of ``list``.</doc>
<status status="PASS" starttime="20230306 23:01:56.018" endtime="20230306 23:01:56.018"/>
</kw>
<kw name="Append To List" library="Collections">
<arg>${AddInvoiceRowData}</arg>
<arg>${items}[5]</arg>
<doc>Adds ``values`` to the end of ``list``.</doc>
<status status="PASS" starttime="20230306 23:01:56.018" endtime="20230306 23:01:56.018"/>
</kw>
<kw name="Append To List" library="Collections">
<arg>${AddInvoiceRowData}</arg>
<arg>${items}[6]</arg>
<doc>Adds ``values`` to the end of ``list``.</doc>
<status status="PASS" starttime="20230306 23:01:56.018" endtime="20230306 23:01:56.019"/>
</kw>
<kw name="Append To List" library="Collections">
<arg>${ListToDB}</arg>
<arg>${AddInvoiceRowData}</arg>
<doc>Adds ``values`` to the end of ``list``.</doc>
<status status="PASS" starttime="20230306 23:01:56.019" endtime="20230306 23:01:56.020"/>
</kw>
<status status="PASS" starttime="20230306 23:01:56.015" endtime="20230306 23:01:56.020"/>
</kw>
<status status="PASS" starttime="20230306 23:01:55.971" endtime="20230306 23:01:56.020"/>
</branch>
<status status="PASS" starttime="20230306 23:01:55.969" endtime="20230306 23:01:56.020"/>
</if>
<status status="PASS" starttime="20230306 23:01:55.969" endtime="20230306 23:01:56.020"/>
</branch>
<status status="PASS" starttime="20230306 23:01:55.967" endtime="20230306 23:01:56.020"/>
</if>
<status status="PASS" starttime="20230306 23:01:55.965" endtime="20230306 23:01:56.020"/>
</iter>
<iter>
<var name="${element}">Brother printer;1;kpl;65;24;15.6;80.6;1543235;2</var>
<kw name="Log" library="BuiltIn">
<arg>${element}</arg>
<doc>Logs the given message with the given level.</doc>
<msg timestamp="20230306 23:01:56.020" level="INFO">Brother printer;1;kpl;65;24;15.6;80.6;1543235;2</msg>
<status status="PASS" starttime="20230306 23:01:56.020" endtime="20230306 23:01:56.020"/>
</kw>
<kw name="Split String" library="String">
<var>@{items}</var>
<arg>${element}</arg>
<arg>;</arg>
<doc>Splits the ``string`` using ``separator`` as a delimiter string.</doc>
<msg timestamp="20230306 23:01:56.021" level="INFO">@{items} = [ Brother printer | 1 | kpl | 65 | 24 | 15.6 | 80.6 | 1543235 | 2 ]</msg>
<status status="PASS" starttime="20230306 23:01:56.021" endtime="20230306 23:01:56.021"/>
</kw>
<kw name="Set Variable" library="BuiltIn">
<var>${rowInvoiceNumber}</var>
<arg>${items}[7]</arg>
<doc>Returns the given values which can then be assigned to a variables.</doc>
<msg timestamp="20230306 23:01:56.021" level="INFO">${rowInvoiceNumber} = 1543235</msg>
<status status="PASS" starttime="20230306 23:01:56.021" endtime="20230306 23:01:56.021"/>
</kw>
<kw name="Log" library="BuiltIn">
<arg>${rowInvoiceNumber}</arg>
<doc>Logs the given message with the given level.</doc>
<msg timestamp="20230306 23:01:56.022" level="INFO">1543235</msg>
<status status="PASS" starttime="20230306 23:01:56.022" endtime="20230306 23:01:56.022"/>
</kw>
<kw name="Log" library="BuiltIn">
<arg>${InvoiceNumber}</arg>
<doc>Logs the given message with the given level.</doc>
<msg timestamp="20230306 23:01:56.022" level="INFO">1543235</msg>
<status status="PASS" starttime="20230306 23:01:56.022" endtime="20230306 23:01:56.022"/>
</kw>
<if>
<branch type="IF" condition="'${rowInvoiceNumber}' == '${InvoiceNumber}'">
<kw name="Log" library="BuiltIn">
<arg>Lisätään rivejä laskulle</arg>
<doc>Logs the given message with the given level.</doc>
<msg timestamp="20230306 23:01:56.023" level="INFO">Lisätään rivejä laskulle</msg>
<status status="PASS" starttime="20230306 23:01:56.023" endtime="20230306 23:01:56.023"/>
</kw>
<kw name="Add Row Data to List">
<arg>${items}</arg>
<kw name="Create List" library="BuiltIn">
<var>@{AddInvoiceRowData}</var>
<doc>Returns a list containing given items.</doc>
<msg timestamp="20230306 23:01:56.024" level="INFO">@{AddInvoiceRowData} = [ ]</msg>
<status status="PASS" starttime="20230306 23:01:56.023" endtime="20230306 23:01:56.024"/>
</kw>
<kw name="Append To List" library="Collections">
<arg>${AddInvoiceRowData}</arg>
<arg>${InvoiceNumber}</arg>
<doc>Adds ``values`` to the end of ``list``.</doc>
<status status="PASS" starttime="20230306 23:01:56.024" endtime="20230306 23:01:56.024"/>
</kw>
<kw name="Append To List" library="Collections">
<arg>${AddInvoiceRowData}</arg>
<arg>${items}[8]</arg>
<doc>Adds ``values`` to the end of ``list``.</doc>
<status status="PASS" starttime="20230306 23:01:56.024" endtime="20230306 23:01:56.024"/>
</kw>
<kw name="Append To List" library="Collections">
<arg>${AddInvoiceRowData}</arg>
<arg>${items}[0]</arg>
<doc>Adds ``values`` to the end of ``list``.</doc>
<status status="PASS" starttime="20230306 23:01:56.024" endtime="20230306 23:01:56.025"/>
</kw>
<kw name="Append To List" library="Collections">
<arg>${AddInvoiceRowData}</arg>
<arg>${items}[1]</arg>
<doc>Adds ``values`` to the end of ``list``.</doc>
<status status="PASS" starttime="20230306 23:01:56.025" endtime="20230306 23:01:56.025"/>
</kw>
<kw name="Append To List" library="Collections">
<arg>${AddInvoiceRowData}</arg>
<arg>${items}[2]</arg>
<doc>Adds ``values`` to the end of ``list``.</doc>
<status status="PASS" starttime="20230306 23:01:56.025" endtime="20230306 23:01:56.025"/>
</kw>
<kw name="Append To List" library="Collections">
<arg>${AddInvoiceRowData}</arg>
<arg>${items}[3]</arg>
<doc>Adds ``values`` to the end of ``list``.</doc>
<status status="PASS" starttime="20230306 23:01:56.025" endtime="20230306 23:01:56.026"/>
</kw>
<kw name="Append To List" library="Collections">
<arg>${AddInvoiceRowData}</arg>
<arg>${items}[4]</arg>
<doc>Adds ``values`` to the end of ``list``.</doc>
<status status="PASS" starttime="20230306 23:01:56.026" endtime="20230306 23:01:56.026"/>
</kw>
<kw name="Append To List" library="Collections">
<arg>${AddInvoiceRowData}</arg>
<arg>${items}[5]</arg>
<doc>Adds ``values`` to the end of ``list``.</doc>
<status status="PASS" starttime="20230306 23:01:56.026" endtime="20230306 23:01:56.026"/>
</kw>
<kw name="Append To List" library="Collections">
<arg>${AddInvoiceRowData}</arg>
<arg>${items}[6]</arg>
<doc>Adds ``values`` to the end of ``list``.</doc>
<status status="PASS" starttime="20230306 23:01:56.026" endtime="20230306 23:01:56.027"/>
</kw>
<kw name="Append To List" library="Collections">
<arg>${ListToDB}</arg>
<arg>${AddInvoiceRowData}</arg>
<doc>Adds ``values`` to the end of ``list``.</doc>
<status status="PASS" starttime="20230306 23:01:56.027" endtime="20230306 23:01:56.027"/>
</kw>
<status status="PASS" starttime="20230306 23:01:56.023" endtime="20230306 23:01:56.027"/>
</kw>
<status status="PASS" starttime="20230306 23:01:56.023" endtime="20230306 23:01:56.027"/>
</branch>
<branch type="ELSE">
<kw name="Log" library="BuiltIn">
<arg>Pitää tutkia onko tietokantalistassa jo rivejä</arg>
<doc>Logs the given message with the given level.</doc>
<status status="NOT RUN" starttime="20230306 23:01:56.027" endtime="20230306 23:01:56.027"/>
</kw>
<kw name="Get Length" library="BuiltIn">
<var>${length}</var>
<arg>${ListToDB}</arg>
<doc>Returns and logs the length of the given item as an integer.</doc>
<status status="NOT RUN" starttime="20230306 23:01:56.027" endtime="20230306 23:01:56.028"/>
</kw>
<if>
<branch type="IF" condition="${length} == ${0}">
<kw name="Log" library="BuiltIn">
<arg>Ensimmäisen Laskun tapaus</arg>
<doc>Logs the given message with the given level.</doc>
<status status="NOT RUN" starttime="20230306 23:01:56.028" endtime="20230306 23:01:56.028"/>
</kw>
<kw name="Set Variable" library="BuiltIn">
<var>${InvoiceNumber}</var>
<arg>${rowInvoiceNumber}</arg>
<doc>Returns the given values which can then be assigned to a variables.</doc>
<status status="NOT RUN" starttime="20230306 23:01:56.028" endtime="20230306 23:01:56.028"/>
</kw>
<kw name="Set Global Variable" library="BuiltIn">
<arg>${InvoiceNumber}</arg>
<doc>Makes a variable available globally in all tests and suites.</doc>
<status status="NOT RUN" starttime="20230306 23:01:56.028" endtime="20230306 23:01:56.028"/>
</kw>
<kw name="Add Row Data to List">
<arg>${items}</arg>
<status status="NOT RUN" starttime="20230306 23:01:56.028" endtime="20230306 23:01:56.028"/>
</kw>
<status status="NOT RUN" starttime="20230306 23:01:56.028" endtime="20230306 23:01:56.028"/>
</branch>
<branch type="ELSE">
<kw name="Log" library="BuiltIn">
<arg>Lasku vaihtuu, pitää käsitellä myös otsikkodata</arg>
<doc>Logs the given message with the given level.</doc>
<status status="NOT RUN" starttime="20230306 23:01:56.029" endtime="20230306 23:01:56.029"/>
</kw>
<for flavor="IN">
<var>${headerElement}</var>
<value>@{headers}</value>
<iter>
<var name="${headerElement}"/>
<kw name="Split String" library="String">
<var>${headerItems}</var>
<arg>${headerElement}</arg>
<arg>;</arg>
<doc>Splits the ``string`` using ``separator`` as a delimiter string.</doc>
<status status="NOT RUN" starttime="20230306 23:01:56.030" endtime="20230306 23:01:56.030"/>
</kw>
<if>
<branch type="IF" condition="'${headerItems}[0]' == '${InvoiceNumber}'">
<kw name="Log" library="BuiltIn">
<arg>Lasku Löytyi</arg>
<doc>Logs the given message with the given level.</doc>
<status status="NOT RUN" starttime="20230306 23:01:56.030" endtime="20230306 23:01:56.030"/>
</kw>
<kw name="Add Invoice Header To DB">
<arg>${headerItems}</arg>
<arg>${ListToDB}</arg>
<status status="NOT RUN" starttime="20230306 23:01:56.030" endtime="20230306 23:01:56.030"/>
</kw>
<for flavor="IN">
<var>${rowElement}</var>
<value>@{ListToDB}</value>
<iter>
<var name="${rowElement}"/>
<kw name="Add Invoice Row To DB">
<arg>${rowElement}</arg>
<status status="NOT RUN" starttime="20230306 23:01:56.030" endtime="20230306 23:01:56.030"/>
</kw>
<status status="NOT RUN" starttime="20230306 23:01:56.030" endtime="20230306 23:01:56.030"/>
</iter>
<status status="NOT RUN" starttime="20230306 23:01:56.030" endtime="20230306 23:01:56.030"/>
</for>
<status status="NOT RUN" starttime="20230306 23:01:56.030" endtime="20230306 23:01:56.030"/>
</branch>
<status status="NOT RUN" starttime="20230306 23:01:56.030" endtime="20230306 23:01:56.030"/>
</if>
<status status="NOT RUN" starttime="20230306 23:01:56.029" endtime="20230306 23:01:56.030"/>
</iter>
<status status="NOT RUN" starttime="20230306 23:01:56.029" endtime="20230306 23:01:56.030"/>
</for>
<kw name="Create List" library="BuiltIn">
<var>@{ListToDB}</var>
<doc>Returns a list containing given items.</doc>
<status status="NOT RUN" starttime="20230306 23:01:56.030" endtime="20230306 23:01:56.031"/>
</kw>
<kw name="Set Global Variable" library="BuiltIn">
<arg>${ListToDB}</arg>
<doc>Makes a variable available globally in all tests and suites.</doc>
<status status="NOT RUN" starttime="20230306 23:01:56.031" endtime="20230306 23:01:56.031"/>
</kw>
<kw name="Set Variable" library="BuiltIn">
<var>${InvoiceNumber}</var>
<arg>${rowInvoiceNumber}</arg>
<doc>Returns the given values which can then be assigned to a variables.</doc>
<status status="NOT RUN" starttime="20230306 23:01:56.031" endtime="20230306 23:01:56.031"/>
</kw>
<kw name="Set Global Variable" library="BuiltIn">
<arg>${InvoiceNumber}</arg>
<doc>Makes a variable available globally in all tests and suites.</doc>
<status status="NOT RUN" starttime="20230306 23:01:56.031" endtime="20230306 23:01:56.031"/>
</kw>
<kw name="Add Row Data to List">
<arg>${items}</arg>
<status status="NOT RUN" starttime="20230306 23:01:56.031" endtime="20230306 23:01:56.031"/>
</kw>
<status status="NOT RUN" starttime="20230306 23:01:56.028" endtime="20230306 23:01:56.032"/>
</branch>
<status status="NOT RUN" starttime="20230306 23:01:56.028" endtime="20230306 23:01:56.032"/>
</if>
<status status="NOT RUN" starttime="20230306 23:01:56.027" endtime="20230306 23:01:56.032"/>
</branch>
<status status="PASS" starttime="20230306 23:01:56.022" endtime="20230306 23:01:56.032"/>
</if>
<status status="PASS" starttime="20230306 23:01:56.020" endtime="20230306 23:01:56.032"/>
</iter>
<iter>
<var name="${element}">Installation Services;5;h;60;24;72;372;153143;1</var>
<kw name="Log" library="BuiltIn">
<arg>${element}</arg>
<doc>Logs the given message with the given level.</doc>
<msg timestamp="20230306 23:01:56.032" level="INFO">Installation Services;5;h;60;24;72;372;153143;1</msg>
<status status="PASS" starttime="20230306 23:01:56.032" endtime="20230306 23:01:56.032"/>
</kw>
<kw name="Split String" library="String">
<var>@{items}</var>
<arg>${element}</arg>
<arg>;</arg>
<doc>Splits the ``string`` using ``separator`` as a delimiter string.</doc>
<msg timestamp="20230306 23:01:56.033" level="INFO">@{items} = [ Installation Services | 5 | h | 60 | 24 | 72 | 372 | 153143 | 1 ]</msg>
<status status="PASS" starttime="20230306 23:01:56.032" endtime="20230306 23:01:56.033"/>
</kw>
<kw name="Set Variable" library="BuiltIn">
<var>${rowInvoiceNumber}</var>
<arg>${items}[7]</arg>
<doc>Returns the given values which can then be assigned to a variables.</doc>
<msg timestamp="20230306 23:01:56.033" level="INFO">${rowInvoiceNumber} = 153143</msg>
<status status="PASS" starttime="20230306 23:01:56.033" endtime="20230306 23:01:56.033"/>
</kw>
<kw name="Log" library="BuiltIn">
<arg>${rowInvoiceNumber}</arg>
<doc>Logs the given message with the given level.</doc>
<msg timestamp="20230306 23:01:56.034" level="INFO">153143</msg>
<status status="PASS" starttime="20230306 23:01:56.033" endtime="20230306 23:01:56.034"/>
</kw>
<kw name="Log" library="BuiltIn">
<arg>${InvoiceNumber}</arg>
<doc>Logs the given message with the given level.</doc>
<msg timestamp="20230306 23:01:56.034" level="INFO">1543235</msg>
<status status="PASS" starttime="20230306 23:01:56.034" endtime="20230306 23:01:56.034"/>
</kw>
<if>
<branch type="IF" condition="'${rowInvoiceNumber}' == '${InvoiceNumber}'">
<kw name="Log" library="BuiltIn">
<arg>Lisätään rivejä laskulle</arg>
<doc>Logs the given message with the given level.</doc>
<status status="NOT RUN" starttime="20230306 23:01:56.034" endtime="20230306 23:01:56.034"/>
</kw>
<kw name="Add Row Data to List">
<arg>${items}</arg>
<status status="NOT RUN" starttime="20230306 23:01:56.035" endtime="20230306 23:01:56.035"/>
</kw>
<status status="NOT RUN" starttime="20230306 23:01:56.034" endtime="20230306 23:01:56.035"/>
</branch>
<branch type="ELSE">
<kw name="Log" library="BuiltIn">
<arg>Pitää tutkia onko tietokantalistassa jo rivejä</arg>
<doc>Logs the given message with the given level.</doc>
<msg timestamp="20230306 23:01:56.035" level="INFO">Pitää tutkia onko tietokantalistassa jo rivejä</msg>
<status status="PASS" starttime="20230306 23:01:56.035" endtime="20230306 23:01:56.035"/>
</kw>
<kw name="Get Length" library="BuiltIn">
<var>${length}</var>
<arg>${ListToDB}</arg>
<doc>Returns and logs the length of the given item as an integer.</doc>
<msg timestamp="20230306 23:01:56.035" level="INFO">Length is 2</msg>
<msg timestamp="20230306 23:01:56.035" level="INFO">${length} = 2</msg>
<status status="PASS" starttime="20230306 23:01:56.035" endtime="20230306 23:01:56.036"/>
</kw>
<if>
<branch type="IF" condition="${length} == ${0}">
<kw name="Log" library="BuiltIn">
<arg>Ensimmäisen Laskun tapaus</arg>
<doc>Logs the given message with the given level.</doc>
<status status="NOT RUN" starttime="20230306 23:01:56.036" endtime="20230306 23:01:56.036"/>
</kw>
<kw name="Set Variable" library="BuiltIn">
<var>${InvoiceNumber}</var>
<arg>${rowInvoiceNumber}</arg>
<doc>Returns the given values which can then be assigned to a variables.</doc>
<status status="NOT RUN" starttime="20230306 23:01:56.036" endtime="20230306 23:01:56.036"/>
</kw>
<kw name="Set Global Variable" library="BuiltIn">
<arg>${InvoiceNumber}</arg>
<doc>Makes a variable available globally in all tests and suites.</doc>
<status status="NOT RUN" starttime="20230306 23:01:56.036" endtime="20230306 23:01:56.037"/>
</kw>
<kw name="Add Row Data to List">
<arg>${items}</arg>
<status status="NOT RUN" starttime="20230306 23:01:56.037" endtime="20230306 23:01:56.037"/>
</kw>
<status status="NOT RUN" starttime="20230306 23:01:56.036" endtime="20230306 23:01:56.037"/>
</branch>
<branch type="ELSE">
<kw name="Log" library="BuiltIn">
<arg>Lasku vaihtuu, pitää käsitellä myös otsikkodata</arg>
<doc>Logs the given message with the given level.</doc>
<msg timestamp="20230306 23:01:56.037" level="INFO">Lasku vaihtuu, pitää käsitellä myös otsikkodata</msg>
<status status="PASS" starttime="20230306 23:01:56.037" endtime="20230306 23:01:56.037"/>
</kw>
<for flavor="IN">
<var>${headerElement}</var>
<value>@{headers}</value>
<iter>
<var name="${headerElement}">143143;Service Provider Oy;1531439;15.12.2022;07.04.2021;1234567-8;FI12 3456 7890 1234 56;1350;324;1674</var>
<kw name="Split String" library="String">
<var>${headerItems}</var>
<arg>${headerElement}</arg>
<arg>;</arg>
<doc>Splits the ``string`` using ``separator`` as a delimiter string.</doc>
<msg timestamp="20230306 23:01:56.038" level="INFO">${headerItems} = ['143143', 'Service Provider Oy', '1531439', '15.12.2022', '07.04.2021', '1234567-8', 'FI12 3456 7890 1234 56', '1350', '324', '1674']</msg>
[...]
<var>${InvoiceStatus}</var>
<arg>2</arg>
<doc>Returns the given values which can then be assigned to a variables.</doc>
<status status="NOT RUN" starttime="20230306 23:01:56.135" endtime="20230306 23:01:56.135"/>
</kw>
<kw name="Set Variable" library="BuiltIn">
<var>${invoiceComment}</var>
<arg>IBAN number error</arg>
<doc>Returns the given values which can then be assigned to a variables.</doc>
<status status="NOT RUN" starttime="20230306 23:01:56.135" endtime="20230306 23:01:56.135"/>
</kw>
<status status="NOT RUN" starttime="20230306 23:01:56.135" endtime="20230306 23:01:56.136"/>
</branch>
<status status="PASS" starttime="20230306 23:01:56.135" endtime="20230306 23:01:56.136"/>
</if>
<kw name="Check Amounts From Invoices">
<var>${sumStatus}</var>
<arg>${items}[9]</arg>
<arg>${rows}</arg>
<kw name="Set Variable" library="BuiltIn">
<var>${status}</var>
<arg>${False}</arg>
<doc>Returns the given values which can then be assigned to a variables.</doc>
<msg timestamp="20230306 23:01:56.136" level="INFO">${status} = False</msg>
<status status="PASS" starttime="20230306 23:01:56.136" endtime="20230306 23:01:56.136"/>
</kw>
<kw name="Evaluate" library="BuiltIn">
<var>${totalAmountFromRows}</var>
<arg>0</arg>
<doc>Evaluates the given expression in Python and returns the result.</doc>
<msg timestamp="20230306 23:01:56.137" level="INFO">${totalAmountFromRows} = 0</msg>
<status status="PASS" starttime="20230306 23:01:56.136" endtime="20230306 23:01:56.137"/>
</kw>
<for flavor="IN">
<var>${element}</var>
<value>@{invoiceRows}</value>
<iter>
<var name="${element}">['153143', '1', 'Installation Services', '5', 'h', '60', '24', '72', '372']</var>
<kw name="Evaluate" library="BuiltIn">
<var>${totalAmountFromRows}</var>
<arg>${totalAmountFromRows}+${element}[8]</arg>
<doc>Evaluates the given expression in Python and returns the result.</doc>
<msg timestamp="20230306 23:01:56.137" level="INFO">${totalAmountFromRows} = 372</msg>
<status status="PASS" starttime="20230306 23:01:56.137" endtime="20230306 23:01:56.137"/>
</kw>
<status status="PASS" starttime="20230306 23:01:56.137" endtime="20230306 23:01:56.137"/>
</iter>
<iter>
<var name="${element}">['153143', '2', 'Replacement Products', '10', 'kpl', '105', '24', '252', '1302']</var>
<kw name="Evaluate" library="BuiltIn">
<var>${totalAmountFromRows}</var>
<arg>${totalAmountFromRows}+${element}[8]</arg>
<doc>Evaluates the given expression in Python and returns the result.</doc>
<msg timestamp="20230306 23:01:56.138" level="INFO">${totalAmountFromRows} = 1674</msg>
<status status="PASS" starttime="20230306 23:01:56.138" endtime="20230306 23:01:56.138"/>
</kw>
<status status="PASS" starttime="20230306 23:01:56.138" endtime="20230306 23:01:56.138"/>
</iter>
<iter>
<var name="${element}">['153143', '3', 'Cleaning Services', '5', 'h', '60', '24', '72', '372']</var>
<kw name="Evaluate" library="BuiltIn">
<var>${totalAmountFromRows}</var>
<arg>${totalAmountFromRows}+${element}[8]</arg>
<doc>Evaluates the given expression in Python and returns the result.</doc>
<msg timestamp="20230306 23:01:56.139" level="INFO">${totalAmountFromRows} = 2046</msg>
<status status="PASS" starttime="20230306 23:01:56.138" endtime="20230306 23:01:56.139"/>
</kw>
<status status="PASS" starttime="20230306 23:01:56.138" endtime="20230306 23:01:56.139"/>
</iter>
<iter>
<var name="${element}">['153143', '4', 'Cleaning Wipes', '10', 'kpl', '105', '24', '252', '1302']</var>
<kw name="Evaluate" library="BuiltIn">
<var>${totalAmountFromRows}</var>
<arg>${totalAmountFromRows}+${element}[8]</arg>
<doc>Evaluates the given expression in Python and returns the result.</doc>
<msg timestamp="20230306 23:01:56.139" level="INFO">${totalAmountFromRows} = 3348</msg>
<status status="PASS" starttime="20230306 23:01:56.139" endtime="20230306 23:01:56.140"/>
</kw>
<status status="PASS" starttime="20230306 23:01:56.139" endtime="20230306 23:01:56.140"/>
</iter>
<status status="PASS" starttime="20230306 23:01:56.137" endtime="20230306 23:01:56.140"/>
</for>
<kw name="Convert To Number" library="BuiltIn">
<var>${diff}</var>
<arg>0.01</arg>
<doc>Converts the given item to a floating point number.</doc>
<msg timestamp="20230306 23:01:56.140" level="INFO">${diff} = 0.01</msg>
<status status="PASS" starttime="20230306 23:01:56.140" endtime="20230306 23:01:56.140"/>
</kw>
<kw name="Convert To Number" library="BuiltIn">
<var>${totalSumFromHeader}</var>
<arg>${totalSumFromHeader}</arg>
<doc>Converts the given item to a floating point number.</doc>
<msg timestamp="20230306 23:01:56.140" level="INFO">${totalSumFromHeader} = 3348.0</msg>
<status status="PASS" starttime="20230306 23:01:56.140" endtime="20230306 23:01:56.140"/>
</kw>
<kw name="Convert To Number" library="BuiltIn">
<var>${totalAmountFromRows}</var>
<arg>${totalAmountFromRows}</arg>
<doc>Converts the given item to a floating point number.</doc>
<msg timestamp="20230306 23:01:56.141" level="INFO">${totalAmountFromRows} = 3348.0</msg>
<status status="PASS" starttime="20230306 23:01:56.141" endtime="20230306 23:01:56.141"/>
</kw>
<kw name="Is Equal" library="validationcode">
<var>${status}</var>
<arg>${totalSumFromHeader}</arg>
<arg>${totalAmountFromRows}</arg>
<arg>${diff}</arg>
<msg timestamp="20230306 23:01:56.141" level="INFO">${status} = True</msg>
<status status="PASS" starttime="20230306 23:01:56.141" endtime="20230306 23:01:56.141"/>
</kw>
<msg timestamp="20230306 23:01:56.141" level="INFO">${sumStatus} = True</msg>
<status status="PASS" starttime="20230306 23:01:56.136" endtime="20230306 23:01:56.142"/>
</kw>
<if>
<branch type="IF" condition="not ${sumStatus}">
<kw name="Set Variable" library="BuiltIn">
<var>${InvoiceStatus}</var>
<arg>3</arg>
<doc>Returns the given values which can then be assigned to a variables.</doc>
<status status="NOT RUN" starttime="20230306 23:01:56.142" endtime="20230306 23:01:56.142"/>
</kw>
<kw name="Set Variable" library="BuiltIn">
<var>${invoiceComment}</var>
<arg>Amount difference</arg>
<doc>Returns the given values which can then be assigned to a variables.</doc>
<status status="NOT RUN" starttime="20230306 23:01:56.142" endtime="20230306 23:01:56.142"/>
</kw>
<status status="NOT RUN" starttime="20230306 23:01:56.142" endtime="20230306 23:01:56.142"/>
</branch>
<status status="PASS" starttime="20230306 23:01:56.142" endtime="20230306 23:01:56.142"/>
</if>
<kw name="Set Variable" library="BuiltIn">
<var>${insertStmt}</var>
<arg>insert into invoiceheader (invoicenumber, companyname, companycode, referencenumber, invoicedate, duedate, bankaccountnumber, amountexvat, vat, totalamount, invoicestatus_id, comments) values ('${items}[0]', '${items}[1]', '${items}[5]', '${items}[2]', '${invoiceDate}', '${dueDate}', '${items}[6]', '${items}[7]', '${items}[8]', '${items}[9]', '${InvoiceStatus}', '${invoiceComment}');</arg>
<doc>Returns the given values which can then be assigned to a variables.</doc>
<msg timestamp="20230306 23:01:56.143" level="INFO">${insertStmt} = insert into invoiceheader (invoicenumber, companyname, companycode, referencenumber, invoicedate, duedate, bankaccountnumber, amountexvat, vat, totalamount, invoicestatus_id, comments) values ('153143...</msg>
<status status="PASS" starttime="20230306 23:01:56.142" endtime="20230306 23:01:56.143"/>
</kw>
<kw name="Execute Sql String" library="DatabaseLibrary">
<arg>${insertStmt}</arg>
<doc>Executes the sqlString as SQL commands. Useful to pass arguments to your sql. Set optional input `sansTran` to
True to run command without an explicit transaction commit or rollback.</doc>
<msg timestamp="20230306 23:01:56.143" level="INFO">Executing : Execute SQL String  |  insert into invoiceheader (invoicenumber, companyname, companycode, referencenumber, invoicedate, duedate, bankaccountnumber, amountexvat, vat, totalamount, invoicestatus_id, comments) values ('153143', 'Service Provider Oy', '1234567-8', '1531439', '2022-12-15', '2021-04-01', 'FI12 3456 7890 1234 56', '2700', '648', '3348', '0', 'All ok'); </msg>
<status status="PASS" starttime="20230306 23:01:56.143" endtime="20230306 23:01:56.145"/>
</kw>
<status status="PASS" starttime="20230306 23:01:56.125" endtime="20230306 23:01:56.145"/>
</kw>
<for flavor="IN">
<var>${rowElement}</var>
<value>@{ListToDB}</value>
<iter>
<var name="${rowElement}">['153143', '1', 'Installation Services', '5', 'h', '60', '24', '72', '372']</var>
<kw name="Add Invoice Row To DB">
<arg>${rowElement}</arg>
<kw name="Make Connection">
<arg>${dbname}</arg>
<kw name="Connect To Database" library="DatabaseLibrary">
<arg>pymysql</arg>
<arg>${dbtoconnect}</arg>
<arg>${dbuser}</arg>
<arg>${dbpass}</arg>
<arg>${dbhost}</arg>
<arg>${dbport}</arg>
<doc>Loads the DB API 2.0 module given `dbapiModuleName` then uses it to
connect to the database using `dbName`, `dbUsername`, and `dbPassword`.</doc>
<msg timestamp="20230306 23:01:56.146" level="INFO">Connecting using : pymysql.connect(db=rpaproject, user=robotuser, passwd=password, host=localhost, port=3306, charset=None) </msg>
<status status="PASS" starttime="20230306 23:01:56.146" endtime="20230306 23:01:56.148"/>
</kw>
<status status="PASS" starttime="20230306 23:01:56.146" endtime="20230306 23:01:56.148"/>
</kw>
<kw name="Set Variable" library="BuiltIn">
<var>${insertStmt}</var>
<arg>insert into invoicerow (invoicenumber, rownumber, description, quantity, unit, unitprice, vatpercent, vat, total) values ('${items}[0]', '${items}[1]', '${items}[2]', '${items}[3]', '${items}[4]', '${items}[5]', '${items}[6]', '${items}[7]', '${items}[8]');</arg>
<doc>Returns the given values which can then be assigned to a variables.</doc>
<msg timestamp="20230306 23:01:56.149" level="INFO">${insertStmt} = insert into invoicerow (invoicenumber, rownumber, description, quantity, unit, unitprice, vatpercent, vat, total) values ('153143', '1', 'Installation Services', '5', 'h', '60', '24', '72', '372');</msg>
<status status="PASS" starttime="20230306 23:01:56.149" endtime="20230306 23:01:56.149"/>
</kw>
<kw name="Execute Sql String" library="DatabaseLibrary">
<arg>${insertStmt}</arg>
<doc>Executes the sqlString as SQL commands. Useful to pass arguments to your sql. Set optional input `sansTran` to
True to run command without an explicit transaction commit or rollback.</doc>
<msg timestamp="20230306 23:01:56.149" level="INFO">Executing : Execute SQL String  |  insert into invoicerow (invoicenumber, rownumber, description, quantity, unit, unitprice, vatpercent, vat, total) values ('153143', '1', 'Installation Services', '5', 'h', '60', '24', '72', '372'); </msg>
<status status="PASS" starttime="20230306 23:01:56.149" endtime="20230306 23:01:56.151"/>
</kw>
<status status="PASS" starttime="20230306 23:01:56.145" endtime="20230306 23:01:56.151"/>
</kw>
<status status="PASS" starttime="20230306 23:01:56.145" endtime="20230306 23:01:56.151"/>
</iter>
<iter>
<var name="${rowElement}">['153143', '2', 'Replacement Products', '10', 'kpl', '105', '24', '252', '1302']</var>
<kw name="Add Invoice Row To DB">
<arg>${rowElement}</arg>
<kw name="Make Connection">
<arg>${dbname}</arg>
<kw name="Connect To Database" library="DatabaseLibrary">
<arg>pymysql</arg>
<arg>${dbtoconnect}</arg>
<arg>${dbuser}</arg>
<arg>${dbpass}</arg>
<arg>${dbhost}</arg>
<arg>${dbport}</arg>
<doc>Loads the DB API 2.0 module given `dbapiModuleName` then uses it to
connect to the database using `dbName`, `dbUsername`, and `dbPassword`.</doc>
<msg timestamp="20230306 23:01:56.153" level="INFO">Connecting using : pymysql.connect(db=rpaproject, user=robotuser, passwd=password, host=localhost, port=3306, charset=None) </msg>
<status status="PASS" starttime="20230306 23:01:56.152" endtime="20230306 23:01:56.156"/>
</kw>
<status status="PASS" starttime="20230306 23:01:56.152" endtime="20230306 23:01:56.156"/>
</kw>
<kw name="Set Variable" library="BuiltIn">
<var>${insertStmt}</var>
<arg>insert into invoicerow (invoicenumber, rownumber, description, quantity, unit, unitprice, vatpercent, vat, total) values ('${items}[0]', '${items}[1]', '${items}[2]', '${items}[3]', '${items}[4]', '${items}[5]', '${items}[6]', '${items}[7]', '${items}[8]');</arg>
<doc>Returns the given values which can then be assigned to a variables.</doc>
<msg timestamp="20230306 23:01:56.157" level="INFO">${insertStmt} = insert into invoicerow (invoicenumber, rownumber, description, quantity, unit, unitprice, vatpercent, vat, total) values ('153143', '2', 'Replacement Products', '10', 'kpl', '105', '24', '252', '1302'...</msg>
<status status="PASS" starttime="20230306 23:01:56.156" endtime="20230306 23:01:56.157"/>
</kw>
<kw name="Execute Sql String" library="DatabaseLibrary">
<arg>${insertStmt}</arg>
<doc>Executes the sqlString as SQL commands. Useful to pass arguments to your sql. Set optional input `sansTran` to
True to run command without an explicit transaction commit or rollback.</doc>
<msg timestamp="20230306 23:01:56.157" level="INFO">Executing : Execute SQL String  |  insert into invoicerow (invoicenumber, rownumber, description, quantity, unit, unitprice, vatpercent, vat, total) values ('153143', '2', 'Replacement Products', '10', 'kpl', '105', '24', '252', '1302'); </msg>
<status status="PASS" starttime="20230306 23:01:56.157" endtime="20230306 23:01:56.159"/>
</kw>
<status status="PASS" starttime="20230306 23:01:56.151" endtime="20230306 23:01:56.159"/>
</kw>
<status status="PASS" starttime="20230306 23:01:56.151" endtime="20230306 23:01:56.159"/>
</iter>
<iter>
<var name="${rowElement}">['153143', '3', 'Cleaning Services', '5', 'h', '60', '24', '72', '372']</var>
<kw name="Add Invoice Row To DB">
<arg>${rowElement}</arg>
<kw name="Make Connection">
<arg>${dbname}</arg>
<kw name="Connect To Database" library="DatabaseLibrary">
<arg>pymysql</arg>
<arg>${dbtoconnect}</arg>
<arg>${dbuser}</arg>
<arg>${dbpass}</arg>
<arg>${dbhost}</arg>
<arg>${dbport}</arg>
<doc>Loads the DB API 2.0 module given `dbapiModuleName` then uses it to
connect to the database using `dbName`, `dbUsername`, and `dbPassword`.</doc>
<msg timestamp="20230306 23:01:56.160" level="INFO">Connecting using : pymysql.connect(db=rpaproject, user=robotuser, passwd=password, host=localhost, port=3306, charset=None) </msg>
<status status="PASS" starttime="20230306 23:01:56.160" endtime="20230306 23:01:56.162"/>
</kw>
<status status="PASS" starttime="20230306 23:01:56.159" endtime="20230306 23:01:56.162"/>
</kw>
<kw name="Set Variable" library="BuiltIn">
<var>${insertStmt}</var>
<arg>insert into invoicerow (invoicenumber, rownumber, description, quantity, unit, unitprice, vatpercent, vat, total) values ('${items}[0]', '${items}[1]', '${items}[2]', '${items}[3]', '${items}[4]', '${items}[5]', '${items}[6]', '${items}[7]', '${items}[8]');</arg>
<doc>Returns the given values which can then be assigned to a variables.</doc>
<msg timestamp="20230306 23:01:56.163" level="INFO">${insertStmt} = insert into invoicerow (invoicenumber, rownumber, description, quantity, unit, unitprice, vatpercent, vat, total) values ('153143', '3', 'Cleaning Services', '5', 'h', '60', '24', '72', '372');</msg>
<status status="PASS" starttime="20230306 23:01:56.163" endtime="20230306 23:01:56.163"/>
</kw>
<kw name="Execute Sql String" library="DatabaseLibrary">
<arg>${insertStmt}</arg>
<doc>Executes the sqlString as SQL commands. Useful to pass arguments to your sql. Set optional input `sansTran` to
True to run command without an explicit transaction commit or rollback.</doc>
<msg timestamp="20230306 23:01:56.164" level="INFO">Executing : Execute SQL String  |  insert into invoicerow (invoicenumber, rownumber, description, quantity, unit, unitprice, vatpercent, vat, total) values ('153143', '3', 'Cleaning Services', '5', 'h', '60', '24', '72', '372'); </msg>
<status status="PASS" starttime="20230306 23:01:56.163" endtime="20230306 23:01:56.165"/>
</kw>
<status status="PASS" starttime="20230306 23:01:56.159" endtime="20230306 23:01:56.165"/>
</kw>
<status status="PASS" starttime="20230306 23:01:56.159" endtime="20230306 23:01:56.165"/>
</iter>
<iter>
<var name="${rowElement}">['153143', '4', 'Cleaning Wipes', '10', 'kpl', '105', '24', '252', '1302']</var>
<kw name="Add Invoice Row To DB">
<arg>${rowElement}</arg>
<kw name="Make Connection">
<arg>${dbname}</arg>
<kw name="Connect To Database" library="DatabaseLibrary">
<arg>pymysql</arg>
<arg>${dbtoconnect}</arg>
<arg>${dbuser}</arg>
<arg>${dbpass}</arg>
<arg>${dbhost}</arg>
<arg>${dbport}</arg>
<doc>Loads the DB API 2.0 module given `dbapiModuleName` then uses it to
connect to the database using `dbName`, `dbUsername`, and `dbPassword`.</doc>
<msg timestamp="20230306 23:01:56.166" level="INFO">Connecting using : pymysql.connect(db=rpaproject, user=robotuser, passwd=password, host=localhost, port=3306, charset=None) </msg>
<status status="PASS" starttime="20230306 23:01:56.166" endtime="20230306 23:01:56.168"/>
</kw>
<status status="PASS" starttime="20230306 23:01:56.165" endtime="20230306 23:01:56.169"/>
</kw>
<kw name="Set Variable" library="BuiltIn">
<var>${insertStmt}</var>
<arg>insert into invoicerow (invoicenumber, rownumber, description, quantity, unit, unitprice, vatpercent, vat, total) values ('${items}[0]', '${items}[1]', '${items}[2]', '${items}[3]', '${items}[4]', '${items}[5]', '${items}[6]', '${items}[7]', '${items}[8]');</arg>
<doc>Returns the given values which can then be assigned to a variables.</doc>
<msg timestamp="20230306 23:01:56.169" level="INFO">${insertStmt} = insert into invoicerow (invoicenumber, rownumber, description, quantity, unit, unitprice, vatpercent, vat, total) values ('153143', '4', 'Cleaning Wipes', '10', 'kpl', '105', '24', '252', '1302');</msg>
<status status="PASS" starttime="20230306 23:01:56.169" endtime="20230306 23:01:56.169"/>
</kw>
<kw name="Execute Sql String" library="DatabaseLibrary">
<arg>${insertStmt}</arg>
<doc>Executes the sqlString as SQL commands. Useful to pass arguments to your sql. Set optional input `sansTran` to
True to run command without an explicit transaction commit or rollback.</doc>
<msg timestamp="20230306 23:01:56.170" level="INFO">Executing : Execute SQL String  |  insert into invoicerow (invoicenumber, rownumber, description, quantity, unit, unitprice, vatpercent, vat, total) values ('153143', '4', 'Cleaning Wipes', '10', 'kpl', '105', '24', '252', '1302'); </msg>
<status status="PASS" starttime="20230306 23:01:56.170" endtime="20230306 23:01:56.171"/>
</kw>
<status status="PASS" starttime="20230306 23:01:56.165" endtime="20230306 23:01:56.172"/>
</kw>
<status status="PASS" starttime="20230306 23:01:56.165" endtime="20230306 23:01:56.172"/>
</iter>
<status status="PASS" starttime="20230306 23:01:56.145" endtime="20230306 23:01:56.172"/>
</for>
<status status="PASS" starttime="20230306 23:01:56.125" endtime="20230306 23:01:56.172"/>
</branch>
<status status="PASS" starttime="20230306 23:01:56.125" endtime="20230306 23:01:56.172"/>
</if>
<status status="PASS" starttime="20230306 23:01:56.124" endtime="20230306 23:01:56.172"/>
</iter>
<status status="PASS" starttime="20230306 23:01:56.121" endtime="20230306 23:01:56.172"/>
</for>
<status status="PASS" starttime="20230306 23:01:56.120" endtime="20230306 23:01:56.172"/>
</branch>
<status status="PASS" starttime="20230306 23:01:56.120" endtime="20230306 23:01:56.172"/>
</if>
<status status="PASS" starttime="20230306 23:01:55.940" endtime="20230306 23:01:56.173"/>
</test>
<status status="PASS" starttime="20230306 23:01:55.752" endtime="20230306 23:01:56.174"/>
</suite>
<statistics>
<total>
<stat pass="2" fail="0" skip="0">All Tests</stat>
</total>
<tag>
</tag>
<suite>
<stat pass="2" fail="0" skip="0" id="s1" name="Project">Project</stat>
</suite>
</statistics>
<errors>
</errors>
</robot>
